[0.461s] DEBUG:colcon:Command line arguments: ['/usr/bin/colcon', 'build', '--symlink-install']
[0.463s] DEBUG:colcon:Parsed command line arguments: Namespace(log_base=None, log_level=None, verb_name='build', build_base='build', install_base='install', merge_install=False, symlink_install=True, test_result_base=None, continue_on_error=False, executor='parallel', parallel_workers=14, event_handlers=None, ignore_user_meta=False, metas=['./colcon.meta'], base_paths=['.'], packages_ignore=None, packages_ignore_regex=None, paths=None, packages_up_to=None, packages_up_to_regex=None, packages_above=None, packages_above_and_dependencies=None, packages_above_depth=None, packages_select_by_dep=None, packages_skip_by_dep=None, packages_skip_up_to=None, packages_select_build_failed=False, packages_skip_build_finished=False, packages_select_test_failures=False, packages_skip_test_passed=False, packages_select=None, packages_skip=None, packages_select_regex=None, packages_skip_regex=None, packages_start=None, packages_end=None, allow_overriding=[], cmake_args=None, cmake_target=None, cmake_target_skip_unavailable=False, cmake_clean_cache=False, cmake_clean_first=False, cmake_force_configure=False, ament_cmake_args=None, catkin_cmake_args=None, catkin_skip_building_tests=False, verb_parser=<colcon_defaults.argument_parser.defaults.DefaultArgumentsDecorator object at 0x7f72b2ae08e0>, verb_extension=<colcon_core.verb.build.BuildVerb object at 0x7f72b2ae0190>, main=<bound method BuildVerb.main of <colcon_core.verb.build.BuildVerb object at 0x7f72b2ae0190>>)
[1.790s] Level 1:colcon.colcon_core.package_discovery:discover_packages(colcon_meta) check parameters
[1.790s] Level 1:colcon.colcon_core.package_discovery:discover_packages(recursive) check parameters
[1.790s] Level 1:colcon.colcon_core.package_discovery:discover_packages(ignore) check parameters
[1.790s] Level 1:colcon.colcon_core.package_discovery:discover_packages(path) check parameters
[1.790s] Level 1:colcon.colcon_core.package_discovery:discover_packages(colcon_meta) discover
[1.790s] Level 1:colcon.colcon_core.package_discovery:discover_packages(recursive) discover
[1.791s] INFO:colcon.colcon_core.package_discovery:Crawling recursively for packages in '/home/tyamada/exercises_ws'
[1.791s] Level 1:colcon.colcon_core.package_identification:_identify(.) by extensions ['ignore', 'ignore_ament_install']
[1.791s] Level 1:colcon.colcon_core.package_identification:_identify(.) by extension 'ignore'
[1.791s] Level 1:colcon.colcon_core.package_identification:_identify(.) by extension 'ignore_ament_install'
[1.791s] Level 1:colcon.colcon_core.package_identification:_identify(.) by extensions ['colcon_pkg']
[1.791s] Level 1:colcon.colcon_core.package_identification:_identify(.) by extension 'colcon_pkg'
[1.791s] Level 1:colcon.colcon_core.package_identification:_identify(.) by extensions ['colcon_meta']
[1.792s] Level 1:colcon.colcon_core.package_identification:_identify(.) by extension 'colcon_meta'
[1.792s] Level 1:colcon.colcon_core.package_identification:_identify(.) by extensions ['ros']
[1.792s] Level 1:colcon.colcon_core.package_identification:_identify(.) by extension 'ros'
[1.850s] Level 1:colcon.colcon_core.package_identification:_identify(.) by extensions ['cmake', 'python']
[1.850s] Level 1:colcon.colcon_core.package_identification:_identify(.) by extension 'cmake'
[1.850s] Level 1:colcon.colcon_core.package_identification:_identify(.) by extension 'python'
[1.851s] Level 1:colcon.colcon_core.package_identification:_identify(.) by extensions ['python_setup_py']
[1.851s] Level 1:colcon.colcon_core.package_identification:_identify(.) by extension 'python_setup_py'
[1.851s] Level 1:colcon.colcon_core.package_identification:_identify(build) by extensions ['ignore', 'ignore_ament_install']
[1.851s] Level 1:colcon.colcon_core.package_identification:_identify(build) by extension 'ignore'
[1.852s] Level 1:colcon.colcon_core.package_identification:_identify(build) ignored
[1.852s] Level 1:colcon.colcon_core.package_identification:_identify(install) by extensions ['ignore', 'ignore_ament_install']
[1.852s] Level 1:colcon.colcon_core.package_identification:_identify(install) by extension 'ignore'
[1.852s] Level 1:colcon.colcon_core.package_identification:_identify(install) ignored
[1.853s] Level 1:colcon.colcon_core.package_identification:_identify(log) by extensions ['ignore', 'ignore_ament_install']
[1.855s] Level 1:colcon.colcon_core.package_identification:_identify(log) by extension 'ignore'
[1.855s] Level 1:colcon.colcon_core.package_identification:_identify(log) ignored
[1.856s] Level 1:colcon.colcon_core.package_identification:_identify(src) by extensions ['ignore', 'ignore_ament_install']
[1.856s] Level 1:colcon.colcon_core.package_identification:_identify(src) by extension 'ignore'
[1.856s] Level 1:colcon.colcon_core.package_identification:_identify(src) by extension 'ignore_ament_install'
[1.856s] Level 1:colcon.colcon_core.package_identification:_identify(src) by extensions ['colcon_pkg']
[1.856s] Level 1:colcon.colcon_core.package_identification:_identify(src) by extension 'colcon_pkg'
[1.856s] Level 1:colcon.colcon_core.package_identification:_identify(src) by extensions ['colcon_meta']
[1.856s] Level 1:colcon.colcon_core.package_identification:_identify(src) by extension 'colcon_meta'
[1.856s] Level 1:colcon.colcon_core.package_identification:_identify(src) by extensions ['ros']
[1.856s] Level 1:colcon.colcon_core.package_identification:_identify(src) by extension 'ros'
[1.857s] Level 1:colcon.colcon_core.package_identification:_identify(src) by extensions ['cmake', 'python']
[1.857s] Level 1:colcon.colcon_core.package_identification:_identify(src) by extension 'cmake'
[1.857s] Level 1:colcon.colcon_core.package_identification:_identify(src) by extension 'python'
[1.857s] Level 1:colcon.colcon_core.package_identification:_identify(src) by extensions ['python_setup_py']
[1.857s] Level 1:colcon.colcon_core.package_identification:_identify(src) by extension 'python_setup_py'
[1.857s] Level 1:colcon.colcon_core.package_identification:_identify(src/path_planner_example) by extensions ['ignore', 'ignore_ament_install']
[1.857s] Level 1:colcon.colcon_core.package_identification:_identify(src/path_planner_example) by extension 'ignore'
[1.857s] Level 1:colcon.colcon_core.package_identification:_identify(src/path_planner_example) by extension 'ignore_ament_install'
[1.857s] Level 1:colcon.colcon_core.package_identification:_identify(src/path_planner_example) by extensions ['colcon_pkg']
[1.857s] Level 1:colcon.colcon_core.package_identification:_identify(src/path_planner_example) by extension 'colcon_pkg'
[1.857s] Level 1:colcon.colcon_core.package_identification:_identify(src/path_planner_example) by extensions ['colcon_meta']
[1.857s] Level 1:colcon.colcon_core.package_identification:_identify(src/path_planner_example) by extension 'colcon_meta'
[1.857s] Level 1:colcon.colcon_core.package_identification:_identify(src/path_planner_example) by extensions ['ros']
[1.857s] Level 1:colcon.colcon_core.package_identification:_identify(src/path_planner_example) by extension 'ros'
[1.863s] DEBUG:colcon.colcon_core.package_identification:Package 'src/path_planner_example' with type 'ros.ament_python' and name 'path_planner_example'
[1.863s] Level 1:colcon.colcon_core.package_identification:_identify(src/ros2_exercises) by extensions ['ignore', 'ignore_ament_install']
[1.863s] Level 1:colcon.colcon_core.package_identification:_identify(src/ros2_exercises) by extension 'ignore'
[1.863s] Level 1:colcon.colcon_core.package_identification:_identify(src/ros2_exercises) by extension 'ignore_ament_install'
[1.863s] Level 1:colcon.colcon_core.package_identification:_identify(src/ros2_exercises) by extensions ['colcon_pkg']
[1.863s] Level 1:colcon.colcon_core.package_identification:_identify(src/ros2_exercises) by extension 'colcon_pkg'
[1.863s] Level 1:colcon.colcon_core.package_identification:_identify(src/ros2_exercises) by extensions ['colcon_meta']
[1.864s] Level 1:colcon.colcon_core.package_identification:_identify(src/ros2_exercises) by extension 'colcon_meta'
[1.864s] Level 1:colcon.colcon_core.package_identification:_identify(src/ros2_exercises) by extensions ['ros']
[1.864s] Level 1:colcon.colcon_core.package_identification:_identify(src/ros2_exercises) by extension 'ros'
[1.866s] DEBUG:colcon.colcon_core.package_identification:Package 'src/ros2_exercises' with type 'ros.ament_python' and name 'ros2_exercises'
[1.866s] Level 1:colcon.colcon_core.package_discovery:discover_packages(recursive) using defaults
[1.866s] Level 1:colcon.colcon_core.package_discovery:discover_packages(ignore) discover
[1.866s] Level 1:colcon.colcon_core.package_discovery:discover_packages(ignore) using defaults
[1.866s] Level 1:colcon.colcon_core.package_discovery:discover_packages(path) discover
[1.866s] Level 1:colcon.colcon_core.package_discovery:discover_packages(path) using defaults
[1.917s] Level 1:colcon.colcon_core.package_discovery:discover_packages(prefix_path) check parameters
[1.918s] Level 1:colcon.colcon_core.package_discovery:discover_packages(prefix_path) discover
[1.923s] DEBUG:colcon.colcon_installed_package_information.package_discovery:Found 2 installed packages in /home/tyamada/exercises_ws/install
[1.924s] DEBUG:colcon.colcon_installed_package_information.package_discovery:Found 3 installed packages in /home/tyamada/ros2_ws/install
[1.927s] DEBUG:colcon.colcon_installed_package_information.package_discovery:Found 327 installed packages in /opt/ros/humble
[2.023s] Level 1:colcon.colcon_core.package_discovery:discover_packages(prefix_path) using defaults
[2.237s] Level 5:colcon.colcon_core.verb:set package 'path_planner_example' build argument 'cmake_args' from command line to 'None'
[2.237s] Level 5:colcon.colcon_core.verb:set package 'path_planner_example' build argument 'cmake_target' from command line to 'None'
[2.237s] Level 5:colcon.colcon_core.verb:set package 'path_planner_example' build argument 'cmake_target_skip_unavailable' from command line to 'False'
[2.237s] Level 5:colcon.colcon_core.verb:set package 'path_planner_example' build argument 'cmake_clean_cache' from command line to 'False'
[2.237s] Level 5:colcon.colcon_core.verb:set package 'path_planner_example' build argument 'cmake_clean_first' from command line to 'False'
[2.238s] Level 5:colcon.colcon_core.verb:set package 'path_planner_example' build argument 'cmake_force_configure' from command line to 'False'
[2.238s] Level 5:colcon.colcon_core.verb:set package 'path_planner_example' build argument 'ament_cmake_args' from command line to 'None'
[2.238s] Level 5:colcon.colcon_core.verb:set package 'path_planner_example' build argument 'catkin_cmake_args' from command line to 'None'
[2.238s] Level 5:colcon.colcon_core.verb:set package 'path_planner_example' build argument 'catkin_skip_building_tests' from command line to 'False'
[2.238s] DEBUG:colcon.colcon_core.verb:Building package 'path_planner_example' with the following arguments: {'ament_cmake_args': None, 'build_base': '/home/tyamada/exercises_ws/build/path_planner_example', 'catkin_cmake_args': None, 'catkin_skip_building_tests': False, 'cmake_args': None, 'cmake_clean_cache': False, 'cmake_clean_first': False, 'cmake_force_configure': False, 'cmake_target': None, 'cmake_target_skip_unavailable': False, 'install_base': '/home/tyamada/exercises_ws/install/path_planner_example', 'merge_install': False, 'path': '/home/tyamada/exercises_ws/src/path_planner_example', 'symlink_install': True, 'test_result_base': None}
[2.239s] Level 5:colcon.colcon_core.verb:set package 'ros2_exercises' build argument 'cmake_args' from command line to 'None'
[2.239s] Level 5:colcon.colcon_core.verb:set package 'ros2_exercises' build argument 'cmake_target' from command line to 'None'
[2.239s] Level 5:colcon.colcon_core.verb:set package 'ros2_exercises' build argument 'cmake_target_skip_unavailable' from command line to 'False'
[2.239s] Level 5:colcon.colcon_core.verb:set package 'ros2_exercises' build argument 'cmake_clean_cache' from command line to 'False'
[2.239s] Level 5:colcon.colcon_core.verb:set package 'ros2_exercises' build argument 'cmake_clean_first' from command line to 'False'
[2.239s] Level 5:colcon.colcon_core.verb:set package 'ros2_exercises' build argument 'cmake_force_configure' from command line to 'False'
[2.239s] Level 5:colcon.colcon_core.verb:set package 'ros2_exercises' build argument 'ament_cmake_args' from command line to 'None'
[2.239s] Level 5:colcon.colcon_core.verb:set package 'ros2_exercises' build argument 'catkin_cmake_args' from command line to 'None'
[2.239s] Level 5:colcon.colcon_core.verb:set package 'ros2_exercises' build argument 'catkin_skip_building_tests' from command line to 'False'
[2.239s] DEBUG:colcon.colcon_core.verb:Building package 'ros2_exercises' with the following arguments: {'ament_cmake_args': None, 'build_base': '/home/tyamada/exercises_ws/build/ros2_exercises', 'catkin_cmake_args': None, 'catkin_skip_building_tests': False, 'cmake_args': None, 'cmake_clean_cache': False, 'cmake_clean_first': False, 'cmake_force_configure': False, 'cmake_target': None, 'cmake_target_skip_unavailable': False, 'install_base': '/home/tyamada/exercises_ws/install/ros2_exercises', 'merge_install': False, 'path': '/home/tyamada/exercises_ws/src/ros2_exercises', 'symlink_install': True, 'test_result_base': None}
[2.240s] INFO:colcon.colcon_core.executor:Executing jobs using 'parallel' executor
[2.267s] DEBUG:colcon.colcon_parallel_executor.executor.parallel:run_until_complete
[2.268s] INFO:colcon.colcon_ros.task.ament_python.build:Building ROS package in '/home/tyamada/exercises_ws/src/path_planner_example' with build type 'ament_python'
[2.268s] Level 1:colcon.colcon_core.shell:create_environment_hook('path_planner_example', 'ament_prefix_path')
[2.275s] INFO:colcon.colcon_core.plugin_system:Skipping extension 'colcon_core.shell.bat': Not used on non-Windows systems
[2.276s] INFO:colcon.colcon_core.shell:Creating environment hook '/home/tyamada/exercises_ws/install/path_planner_example/share/path_planner_example/hook/ament_prefix_path.ps1'
[2.279s] INFO:colcon.colcon_core.shell:Creating environment descriptor '/home/tyamada/exercises_ws/install/path_planner_example/share/path_planner_example/hook/ament_prefix_path.dsv'
[2.283s] INFO:colcon.colcon_core.shell:Creating environment hook '/home/tyamada/exercises_ws/install/path_planner_example/share/path_planner_example/hook/ament_prefix_path.sh'
[2.300s] INFO:colcon.colcon_core.shell:Skip shell extension 'powershell' for command environment: Not usable outside of PowerShell
[2.300s] DEBUG:colcon.colcon_core.shell:Skip shell extension 'dsv' for command environment
[2.344s] INFO:colcon.colcon_ros.task.ament_python.build:Building ROS package in '/home/tyamada/exercises_ws/src/ros2_exercises' with build type 'ament_python'
[2.344s] Level 1:colcon.colcon_core.shell:create_environment_hook('ros2_exercises', 'ament_prefix_path')
[2.344s] INFO:colcon.colcon_core.shell:Creating environment hook '/home/tyamada/exercises_ws/install/ros2_exercises/share/ros2_exercises/hook/ament_prefix_path.ps1'
[2.347s] INFO:colcon.colcon_core.shell:Creating environment descriptor '/home/tyamada/exercises_ws/install/ros2_exercises/share/ros2_exercises/hook/ament_prefix_path.dsv'
[2.347s] INFO:colcon.colcon_core.shell:Creating environment hook '/home/tyamada/exercises_ws/install/ros2_exercises/share/ros2_exercises/hook/ament_prefix_path.sh'
[2.348s] INFO:colcon.colcon_core.shell:Skip shell extension 'powershell' for command environment: Not usable outside of PowerShell
[2.348s] DEBUG:colcon.colcon_core.shell:Skip shell extension 'dsv' for command environment
[4.139s] INFO:colcon.colcon_core.task.python.build:Building Python package in '/home/tyamada/exercises_ws/src/path_planner_example'
[4.140s] INFO:colcon.colcon_core.shell:Skip shell extension 'powershell' for command environment: Not usable outside of PowerShell
[4.140s] DEBUG:colcon.colcon_core.shell:Skip shell extension 'dsv' for command environment
[5.214s] INFO:colcon.colcon_core.task.python.build:Building Python package in '/home/tyamada/exercises_ws/src/ros2_exercises'
[5.215s] INFO:colcon.colcon_core.shell:Skip shell extension 'powershell' for command environment: Not usable outside of PowerShell
[5.215s] DEBUG:colcon.colcon_core.shell:Skip shell extension 'dsv' for command environment
[7.923s] DEBUG:colcon.colcon_core.event_handler.log_command:Invoking command in '/home/tyamada/exercises_ws/build/ros2_exercises': PYTHONPATH=/home/tyamada/exercises_ws/build/ros2_exercises/prefix_override:/usr/lib/python3/dist-packages/colcon_core/task/python/colcon_distutils_commands:/home/tyamada/exercises_ws/install/ros2_exercises/lib/python3.10/site-packages:${PYTHONPATH} /usr/bin/python3 -W ignore:setup.py install is deprecated -W ignore:easy_install command is deprecated setup.py develop --editable --build-directory /home/tyamada/exercises_ws/build/ros2_exercises/build --no-deps symlink_data
[8.231s] DEBUG:colcon.colcon_core.event_handler.log_command:Invoking command in '/home/tyamada/exercises_ws/build/path_planner_example': PYTHONPATH=/home/tyamada/exercises_ws/build/path_planner_example/prefix_override:/usr/lib/python3/dist-packages/colcon_core/task/python/colcon_distutils_commands:/home/tyamada/exercises_ws/install/path_planner_example/lib/python3.10/site-packages:${PYTHONPATH} /usr/bin/python3 -W ignore:setup.py install is deprecated -W ignore:easy_install command is deprecated setup.py develop --editable --build-directory /home/tyamada/exercises_ws/build/path_planner_example/build --no-deps symlink_data
[10.278s] Level 1:colcon.colcon_core.shell:create_environment_hook('path_planner_example', 'pythonpath_develop')
[10.279s] INFO:colcon.colcon_core.shell:Creating environment hook '/home/tyamada/exercises_ws/build/path_planner_example/share/path_planner_example/hook/pythonpath_develop.ps1'
[10.280s] INFO:colcon.colcon_core.shell:Creating environment descriptor '/home/tyamada/exercises_ws/build/path_planner_example/share/path_planner_example/hook/pythonpath_develop.dsv'
[10.280s] INFO:colcon.colcon_core.shell:Creating environment hook '/home/tyamada/exercises_ws/build/path_planner_example/share/path_planner_example/hook/pythonpath_develop.sh'
[10.282s] DEBUG:colcon.colcon_core.event_handler.log_command:Invoked command in '/home/tyamada/exercises_ws/build/path_planner_example' returned '0': PYTHONPATH=/home/tyamada/exercises_ws/build/path_planner_example/prefix_override:/usr/lib/python3/dist-packages/colcon_core/task/python/colcon_distutils_commands:/home/tyamada/exercises_ws/install/path_planner_example/lib/python3.10/site-packages:${PYTHONPATH} /usr/bin/python3 -W ignore:setup.py install is deprecated -W ignore:easy_install command is deprecated setup.py develop --editable --build-directory /home/tyamada/exercises_ws/build/path_planner_example/build --no-deps symlink_data
[10.290s] Level 1:colcon.colcon_core.environment:checking '/home/tyamada/exercises_ws/install/path_planner_example' for CMake module files
[10.291s] Level 1:colcon.colcon_core.environment:checking '/home/tyamada/exercises_ws/install/path_planner_example' for CMake config files
[10.293s] Level 1:colcon.colcon_core.environment:checking '/home/tyamada/exercises_ws/install/path_planner_example/lib'
[10.293s] Level 1:colcon.colcon_core.environment:checking '/home/tyamada/exercises_ws/install/path_planner_example/bin'
[10.293s] Level 1:colcon.colcon_core.environment:checking '/home/tyamada/exercises_ws/install/path_planner_example/lib/pkgconfig/path_planner_example.pc'
[10.296s] Level 1:colcon.colcon_core.environment:checking '/home/tyamada/exercises_ws/install/path_planner_example/lib/python3.10/site-packages'
[10.296s] Level 1:colcon.colcon_core.shell:create_environment_hook('path_planner_example', 'pythonpath')
[10.296s] INFO:colcon.colcon_core.shell:Creating environment hook '/home/tyamada/exercises_ws/install/path_planner_example/share/path_planner_example/hook/pythonpath.ps1'
[10.297s] INFO:colcon.colcon_core.shell:Creating environment descriptor '/home/tyamada/exercises_ws/install/path_planner_example/share/path_planner_example/hook/pythonpath.dsv'
[10.304s] INFO:colcon.colcon_core.shell:Creating environment hook '/home/tyamada/exercises_ws/install/path_planner_example/share/path_planner_example/hook/pythonpath.sh'
[10.309s] Level 1:colcon.colcon_core.environment:checking '/home/tyamada/exercises_ws/install/path_planner_example/bin'
[10.309s] Level 1:colcon.colcon_core.environment:create_environment_scripts_only(path_planner_example)
[10.310s] INFO:colcon.colcon_core.shell:Creating package script '/home/tyamada/exercises_ws/install/path_planner_example/share/path_planner_example/package.ps1'
[10.325s] INFO:colcon.colcon_core.shell:Creating package descriptor '/home/tyamada/exercises_ws/install/path_planner_example/share/path_planner_example/package.dsv'
[10.342s] INFO:colcon.colcon_core.shell:Creating package script '/home/tyamada/exercises_ws/install/path_planner_example/share/path_planner_example/package.sh'
[10.348s] INFO:colcon.colcon_core.shell:Creating package script '/home/tyamada/exercises_ws/install/path_planner_example/share/path_planner_example/package.bash'
[10.362s] INFO:colcon.colcon_core.shell:Creating package script '/home/tyamada/exercises_ws/install/path_planner_example/share/path_planner_example/package.zsh'
[10.367s] Level 1:colcon.colcon_core.environment:create_file_with_runtime_dependencies(/home/tyamada/exercises_ws/install/path_planner_example/share/colcon-core/packages/path_planner_example)
[12.151s] Level 1:colcon.colcon_core.shell:create_environment_hook('ros2_exercises', 'pythonpath_develop')
[12.151s] INFO:colcon.colcon_core.shell:Creating environment hook '/home/tyamada/exercises_ws/build/ros2_exercises/share/ros2_exercises/hook/pythonpath_develop.ps1'
[12.152s] INFO:colcon.colcon_core.shell:Creating environment descriptor '/home/tyamada/exercises_ws/build/ros2_exercises/share/ros2_exercises/hook/pythonpath_develop.dsv'
[12.153s] INFO:colcon.colcon_core.shell:Creating environment hook '/home/tyamada/exercises_ws/build/ros2_exercises/share/ros2_exercises/hook/pythonpath_develop.sh'
[12.153s] Level 1:colcon.colcon_core.environment:checking '/home/tyamada/exercises_ws/install/ros2_exercises' for CMake module files
[12.154s] Level 1:colcon.colcon_core.environment:checking '/home/tyamada/exercises_ws/install/ros2_exercises' for CMake config files
[12.161s] Level 1:colcon.colcon_core.environment:checking '/home/tyamada/exercises_ws/install/ros2_exercises/lib'
[12.162s] Level 1:colcon.colcon_core.environment:checking '/home/tyamada/exercises_ws/install/ros2_exercises/bin'
[12.162s] DEBUG:colcon.colcon_core.event_handler.log_command:Invoked command in '/home/tyamada/exercises_ws/build/ros2_exercises' returned '0': PYTHONPATH=/home/tyamada/exercises_ws/build/ros2_exercises/prefix_override:/usr/lib/python3/dist-packages/colcon_core/task/python/colcon_distutils_commands:/home/tyamada/exercises_ws/install/ros2_exercises/lib/python3.10/site-packages:${PYTHONPATH} /usr/bin/python3 -W ignore:setup.py install is deprecated -W ignore:easy_install command is deprecated setup.py develop --editable --build-directory /home/tyamada/exercises_ws/build/ros2_exercises/build --no-deps symlink_data
[12.164s] Level 1:colcon.colcon_core.environment:checking '/home/tyamada/exercises_ws/install/ros2_exercises/lib/pkgconfig/ros2_exercises.pc'
[12.164s] Level 1:colcon.colcon_core.environment:checking '/home/tyamada/exercises_ws/install/ros2_exercises/lib/python3.10/site-packages'
[12.165s] Level 1:colcon.colcon_core.shell:create_environment_hook('ros2_exercises', 'pythonpath')
[12.165s] INFO:colcon.colcon_core.shell:Creating environment hook '/home/tyamada/exercises_ws/install/ros2_exercises/share/ros2_exercises/hook/pythonpath.ps1'
[12.169s] INFO:colcon.colcon_core.shell:Creating environment descriptor '/home/tyamada/exercises_ws/install/ros2_exercises/share/ros2_exercises/hook/pythonpath.dsv'
[12.171s] INFO:colcon.colcon_core.shell:Creating environment hook '/home/tyamada/exercises_ws/install/ros2_exercises/share/ros2_exercises/hook/pythonpath.sh'
[12.175s] Level 1:colcon.colcon_core.environment:checking '/home/tyamada/exercises_ws/install/ros2_exercises/bin'
[12.176s] Level 1:colcon.colcon_core.environment:create_environment_scripts_only(ros2_exercises)
[12.177s] INFO:colcon.colcon_core.shell:Creating package script '/home/tyamada/exercises_ws/install/ros2_exercises/share/ros2_exercises/package.ps1'
[12.181s] INFO:colcon.colcon_core.shell:Creating package descriptor '/home/tyamada/exercises_ws/install/ros2_exercises/share/ros2_exercises/package.dsv'
[12.188s] INFO:colcon.colcon_core.shell:Creating package script '/home/tyamada/exercises_ws/install/ros2_exercises/share/ros2_exercises/package.sh'
[12.199s] INFO:colcon.colcon_core.shell:Creating package script '/home/tyamada/exercises_ws/install/ros2_exercises/share/ros2_exercises/package.bash'
[12.206s] INFO:colcon.colcon_core.shell:Creating package script '/home/tyamada/exercises_ws/install/ros2_exercises/share/ros2_exercises/package.zsh'
[12.216s] Level 1:colcon.colcon_core.environment:create_file_with_runtime_dependencies(/home/tyamada/exercises_ws/install/ros2_exercises/share/colcon-core/packages/ros2_exercises)
[12.218s] DEBUG:colcon.colcon_parallel_executor.executor.parallel:closing loop
[12.219s] DEBUG:colcon.colcon_parallel_executor.executor.parallel:loop closed
[12.219s] DEBUG:colcon.colcon_parallel_executor.executor.parallel:run_until_complete finished with '0'
[12.219s] DEBUG:colcon.colcon_core.event_reactor:joining thread
[12.238s] INFO:colcon.colcon_core.plugin_system:Skipping extension 'colcon_notification.desktop_notification.terminal_notifier': Not used on non-Darwin systems
[12.238s] INFO:colcon.colcon_core.plugin_system:Skipping extension 'colcon_notification.desktop_notification.win32': Not used on non-Windows systems
[12.238s] INFO:colcon.colcon_notification.desktop_notification:Sending desktop notification using 'notify2'
[13.428s] DEBUG:colcon.colcon_core.event_reactor:joined thread
[13.428s] INFO:colcon.colcon_core.shell:Creating prefix script '/home/tyamada/exercises_ws/install/local_setup.ps1'
[13.430s] INFO:colcon.colcon_core.shell:Creating prefix util module '/home/tyamada/exercises_ws/install/_local_setup_util_ps1.py'
[13.444s] INFO:colcon.colcon_core.shell:Creating prefix chain script '/home/tyamada/exercises_ws/install/setup.ps1'
[13.456s] INFO:colcon.colcon_core.shell:Creating prefix script '/home/tyamada/exercises_ws/install/local_setup.sh'
[13.464s] INFO:colcon.colcon_core.shell:Creating prefix util module '/home/tyamada/exercises_ws/install/_local_setup_util_sh.py'
[13.472s] INFO:colcon.colcon_core.shell:Creating prefix chain script '/home/tyamada/exercises_ws/install/setup.sh'
[13.485s] INFO:colcon.colcon_core.shell:Creating prefix script '/home/tyamada/exercises_ws/install/local_setup.bash'
[13.490s] INFO:colcon.colcon_core.shell:Creating prefix chain script '/home/tyamada/exercises_ws/install/setup.bash'
[13.502s] INFO:colcon.colcon_core.shell:Creating prefix script '/home/tyamada/exercises_ws/install/local_setup.zsh'
[13.504s] INFO:colcon.colcon_core.shell:Creating prefix chain script '/home/tyamada/exercises_ws/install/setup.zsh'
