running develop
running egg_info
creating path_planner_example.egg-info
writing path_planner_example.egg-info/PKG-INFO
writing dependency_links to path_planner_example.egg-info/dependency_links.txt
writing entry points to path_planner_example.egg-info/entry_points.txt
writing requirements to path_planner_example.egg-info/requires.txt
writing top-level names to path_planner_example.egg-info/top_level.txt
writing manifest file 'path_planner_example.egg-info/SOURCES.txt'
reading manifest file 'path_planner_example.egg-info/SOURCES.txt'
writing manifest file 'path_planner_example.egg-info/SOURCES.txt'
running build_ext
Creating /home/tyamada/exercises_ws/install/path_planner_example/lib/python3.10/site-packages/path-planner-example.egg-link (link to .)

Installed /home/tyamada/exercises_ws/build/path_planner_example
running symlink_data
creating /home/tyamada/exercises_ws/install/path_planner_example/share/ament_index
creating /home/tyamada/exercises_ws/install/path_planner_example/share/ament_index/resource_index
creating /home/tyamada/exercises_ws/install/path_planner_example/share/ament_index/resource_index/packages
symbolically linking /home/tyamada/exercises_ws/build/path_planner_example/resource/path_planner_example -> /home/tyamada/exercises_ws/install/path_planner_example/share/ament_index/resource_index/packages
symbolically linking /home/tyamada/exercises_ws/build/path_planner_example/package.xml -> /home/tyamada/exercises_ws/install/path_planner_example/share/path_planner_example
