[2.090s] Invoking command in '/home/tyamada/exercises_ws/build/path_planner_example': PYTHONPATH=/home/tyamada/exercises_ws/build/path_planner_example/prefix_override:/usr/lib/python3/dist-packages/colcon_core/task/python/colcon_distutils_commands:/home/tyamada/exercises_ws/install/path_planner_example/lib/python3.10/site-packages:${PYTHONPATH} /usr/bin/python3 -W ignore:setup.py install is deprecated -W ignore:easy_install command is deprecated setup.py develop --editable --build-directory /home/tyamada/exercises_ws/build/path_planner_example/build --no-deps symlink_data
[2.814s] running develop
[3.212s] running egg_info
[3.212s] creating path_planner_example.egg-info
[3.212s] writing path_planner_example.egg-info/PKG-INFO
[3.213s] writing dependency_links to path_planner_example.egg-info/dependency_links.txt
[3.213s] writing entry points to path_planner_example.egg-info/entry_points.txt
[3.214s] writing requirements to path_planner_example.egg-info/requires.txt
[3.214s] writing top-level names to path_planner_example.egg-info/top_level.txt
[3.216s] writing manifest file 'path_planner_example.egg-info/SOURCES.txt'
[3.218s] reading manifest file 'path_planner_example.egg-info/SOURCES.txt'
[3.219s] writing manifest file 'path_planner_example.egg-info/SOURCES.txt'
[3.222s] running build_ext
[3.223s] Creating /home/tyamada/exercises_ws/install/path_planner_example/lib/python3.10/site-packages/path-planner-example.egg-link (link to .)
[3.225s] 
[3.225s] Installed /home/tyamada/exercises_ws/build/path_planner_example
[3.225s] running symlink_data
[3.226s] creating /home/tyamada/exercises_ws/install/path_planner_example/share/ament_index
[3.226s] creating /home/tyamada/exercises_ws/install/path_planner_example/share/ament_index/resource_index
[3.226s] creating /home/tyamada/exercises_ws/install/path_planner_example/share/ament_index/resource_index/packages
[3.226s] symbolically linking /home/tyamada/exercises_ws/build/path_planner_example/resource/path_planner_example -> /home/tyamada/exercises_ws/install/path_planner_example/share/ament_index/resource_index/packages
[3.227s] symbolically linking /home/tyamada/exercises_ws/build/path_planner_example/package.xml -> /home/tyamada/exercises_ws/install/path_planner_example/share/path_planner_example
[3.320s] Invoked command in '/home/tyamada/exercises_ws/build/path_planner_example' returned '0': PYTHONPATH=/home/tyamada/exercises_ws/build/path_planner_example/prefix_override:/usr/lib/python3/dist-packages/colcon_core/task/python/colcon_distutils_commands:/home/tyamada/exercises_ws/install/path_planner_example/lib/python3.10/site-packages:${PYTHONPATH} /usr/bin/python3 -W ignore:setup.py install is deprecated -W ignore:easy_install command is deprecated setup.py develop --editable --build-directory /home/tyamada/exercises_ws/build/path_planner_example/build --no-deps symlink_data
