[0.832s] DEBUG:colcon:Command line arguments: ['/usr/bin/colcon', 'build', '--symlink-install']
[0.832s] DEBUG:colcon:Parsed command line arguments: Namespace(log_base=None, log_level=None, verb_name='build', build_base='build', install_base='install', merge_install=False, symlink_install=True, test_result_base=None, continue_on_error=False, executor='parallel', parallel_workers=14, event_handlers=None, ignore_user_meta=False, metas=['./colcon.meta'], base_paths=['.'], packages_ignore=None, packages_ignore_regex=None, paths=None, packages_up_to=None, packages_up_to_regex=None, packages_above=None, packages_above_and_dependencies=None, packages_above_depth=None, packages_select_by_dep=None, packages_skip_by_dep=None, packages_skip_up_to=None, packages_select_build_failed=False, packages_skip_build_finished=False, packages_select_test_failures=False, packages_skip_test_passed=False, packages_select=None, packages_skip=None, packages_select_regex=None, packages_skip_regex=None, packages_start=None, packages_end=None, allow_overriding=[], cmake_args=None, cmake_target=None, cmake_target_skip_unavailable=False, cmake_clean_cache=False, cmake_clean_first=False, cmake_force_configure=False, ament_cmake_args=None, catkin_cmake_args=None, catkin_skip_building_tests=False, verb_parser=<colcon_defaults.argument_parser.defaults.DefaultArgumentsDecorator object at 0x7ff8e1b58850>, verb_extension=<colcon_core.verb.build.BuildVerb object at 0x7ff8e1b58100>, main=<bound method BuildVerb.main of <colcon_core.verb.build.BuildVerb object at 0x7ff8e1b58100>>)
[1.934s] Level 1:colcon.colcon_core.package_discovery:discover_packages(colcon_meta) check parameters
[1.935s] Level 1:colcon.colcon_core.package_discovery:discover_packages(recursive) check parameters
[1.935s] Level 1:colcon.colcon_core.package_discovery:discover_packages(ignore) check parameters
[1.935s] Level 1:colcon.colcon_core.package_discovery:discover_packages(path) check parameters
[1.935s] Level 1:colcon.colcon_core.package_discovery:discover_packages(colcon_meta) discover
[1.935s] Level 1:colcon.colcon_core.package_discovery:discover_packages(recursive) discover
[1.935s] INFO:colcon.colcon_core.package_discovery:Crawling recursively for packages in '/home/tyamada/exercises_ws'
[1.935s] Level 1:colcon.colcon_core.package_identification:_identify(.) by extensions ['ignore', 'ignore_ament_install']
[1.936s] Level 1:colcon.colcon_core.package_identification:_identify(.) by extension 'ignore'
[1.936s] Level 1:colcon.colcon_core.package_identification:_identify(.) by extension 'ignore_ament_install'
[1.936s] Level 1:colcon.colcon_core.package_identification:_identify(.) by extensions ['colcon_pkg']
[1.936s] Level 1:colcon.colcon_core.package_identification:_identify(.) by extension 'colcon_pkg'
[1.936s] Level 1:colcon.colcon_core.package_identification:_identify(.) by extensions ['colcon_meta']
[1.936s] Level 1:colcon.colcon_core.package_identification:_identify(.) by extension 'colcon_meta'
[1.936s] Level 1:colcon.colcon_core.package_identification:_identify(.) by extensions ['ros']
[1.936s] Level 1:colcon.colcon_core.package_identification:_identify(.) by extension 'ros'
[1.973s] Level 1:colcon.colcon_core.package_identification:_identify(.) by extensions ['cmake', 'python']
[1.976s] Level 1:colcon.colcon_core.package_identification:_identify(.) by extension 'cmake'
[1.976s] Level 1:colcon.colcon_core.package_identification:_identify(.) by extension 'python'
[1.976s] Level 1:colcon.colcon_core.package_identification:_identify(.) by extensions ['python_setup_py']
[1.976s] Level 1:colcon.colcon_core.package_identification:_identify(.) by extension 'python_setup_py'
[1.976s] Level 1:colcon.colcon_core.package_identification:_identify(build) by extensions ['ignore', 'ignore_ament_install']
[1.976s] Level 1:colcon.colcon_core.package_identification:_identify(build) by extension 'ignore'
[1.976s] Level 1:colcon.colcon_core.package_identification:_identify(build) ignored
[1.977s] Level 1:colcon.colcon_core.package_identification:_identify(install) by extensions ['ignore', 'ignore_ament_install']
[1.977s] Level 1:colcon.colcon_core.package_identification:_identify(install) by extension 'ignore'
[1.977s] Level 1:colcon.colcon_core.package_identification:_identify(install) ignored
[1.977s] Level 1:colcon.colcon_core.package_identification:_identify(log) by extensions ['ignore', 'ignore_ament_install']
[1.978s] Level 1:colcon.colcon_core.package_identification:_identify(log) by extension 'ignore'
[1.978s] Level 1:colcon.colcon_core.package_identification:_identify(log) ignored
[1.978s] Level 1:colcon.colcon_core.package_identification:_identify(src) by extensions ['ignore', 'ignore_ament_install']
[1.978s] Level 1:colcon.colcon_core.package_identification:_identify(src) by extension 'ignore'
[1.978s] Level 1:colcon.colcon_core.package_identification:_identify(src) by extension 'ignore_ament_install'
[1.978s] Level 1:colcon.colcon_core.package_identification:_identify(src) by extensions ['colcon_pkg']
[1.979s] Level 1:colcon.colcon_core.package_identification:_identify(src) by extension 'colcon_pkg'
[1.979s] Level 1:colcon.colcon_core.package_identification:_identify(src) by extensions ['colcon_meta']
[1.979s] Level 1:colcon.colcon_core.package_identification:_identify(src) by extension 'colcon_meta'
[1.979s] Level 1:colcon.colcon_core.package_identification:_identify(src) by extensions ['ros']
[1.979s] Level 1:colcon.colcon_core.package_identification:_identify(src) by extension 'ros'
[1.979s] Level 1:colcon.colcon_core.package_identification:_identify(src) by extensions ['cmake', 'python']
[1.979s] Level 1:colcon.colcon_core.package_identification:_identify(src) by extension 'cmake'
[1.979s] Level 1:colcon.colcon_core.package_identification:_identify(src) by extension 'python'
[1.979s] Level 1:colcon.colcon_core.package_identification:_identify(src) by extensions ['python_setup_py']
[1.979s] Level 1:colcon.colcon_core.package_identification:_identify(src) by extension 'python_setup_py'
[1.980s] Level 1:colcon.colcon_core.package_identification:_identify(src/path_planner_example) by extensions ['ignore', 'ignore_ament_install']
[1.980s] Level 1:colcon.colcon_core.package_identification:_identify(src/path_planner_example) by extension 'ignore'
[1.980s] Level 1:colcon.colcon_core.package_identification:_identify(src/path_planner_example) by extension 'ignore_ament_install'
[1.980s] Level 1:colcon.colcon_core.package_identification:_identify(src/path_planner_example) by extensions ['colcon_pkg']
[1.980s] Level 1:colcon.colcon_core.package_identification:_identify(src/path_planner_example) by extension 'colcon_pkg'
[1.980s] Level 1:colcon.colcon_core.package_identification:_identify(src/path_planner_example) by extensions ['colcon_meta']
[1.980s] Level 1:colcon.colcon_core.package_identification:_identify(src/path_planner_example) by extension 'colcon_meta'
[1.980s] Level 1:colcon.colcon_core.package_identification:_identify(src/path_planner_example) by extensions ['ros']
[1.981s] Level 1:colcon.colcon_core.package_identification:_identify(src/path_planner_example) by extension 'ros'
[1.988s] DEBUG:colcon.colcon_core.package_identification:Package 'src/path_planner_example' with type 'ros.ament_python' and name 'path_planner_example'
[1.988s] Level 1:colcon.colcon_core.package_identification:_identify(src/ros2_exercises) by extensions ['ignore', 'ignore_ament_install']
[1.988s] Level 1:colcon.colcon_core.package_identification:_identify(src/ros2_exercises) by extension 'ignore'
[1.988s] Level 1:colcon.colcon_core.package_identification:_identify(src/ros2_exercises) by extension 'ignore_ament_install'
[1.988s] Level 1:colcon.colcon_core.package_identification:_identify(src/ros2_exercises) by extensions ['colcon_pkg']
[1.988s] Level 1:colcon.colcon_core.package_identification:_identify(src/ros2_exercises) by extension 'colcon_pkg'
[1.988s] Level 1:colcon.colcon_core.package_identification:_identify(src/ros2_exercises) by extensions ['colcon_meta']
[1.988s] Level 1:colcon.colcon_core.package_identification:_identify(src/ros2_exercises) by extension 'colcon_meta'
[1.988s] Level 1:colcon.colcon_core.package_identification:_identify(src/ros2_exercises) by extensions ['ros']
[1.988s] Level 1:colcon.colcon_core.package_identification:_identify(src/ros2_exercises) by extension 'ros'
[1.991s] DEBUG:colcon.colcon_core.package_identification:Package 'src/ros2_exercises' with type 'ros.ament_python' and name 'ros2_exercises'
[1.991s] Level 1:colcon.colcon_core.package_discovery:discover_packages(recursive) using defaults
[1.991s] Level 1:colcon.colcon_core.package_discovery:discover_packages(ignore) discover
[1.991s] Level 1:colcon.colcon_core.package_discovery:discover_packages(ignore) using defaults
[1.991s] Level 1:colcon.colcon_core.package_discovery:discover_packages(path) discover
[1.991s] Level 1:colcon.colcon_core.package_discovery:discover_packages(path) using defaults
[2.136s] Level 1:colcon.colcon_core.package_discovery:discover_packages(prefix_path) check parameters
[2.136s] Level 1:colcon.colcon_core.package_discovery:discover_packages(prefix_path) discover
[2.167s] DEBUG:colcon.colcon_installed_package_information.package_discovery:Found 2 installed packages in /home/tyamada/exercises_ws/install
[2.174s] DEBUG:colcon.colcon_installed_package_information.package_discovery:Found 3 installed packages in /home/tyamada/ros2_ws/install
[2.186s] DEBUG:colcon.colcon_installed_package_information.package_discovery:Found 327 installed packages in /opt/ros/humble
[2.294s] Level 1:colcon.colcon_core.package_discovery:discover_packages(prefix_path) using defaults
[2.718s] Level 5:colcon.colcon_core.verb:set package 'path_planner_example' build argument 'cmake_args' from command line to 'None'
[2.722s] Level 5:colcon.colcon_core.verb:set package 'path_planner_example' build argument 'cmake_target' from command line to 'None'
[2.723s] Level 5:colcon.colcon_core.verb:set package 'path_planner_example' build argument 'cmake_target_skip_unavailable' from command line to 'False'
[2.723s] Level 5:colcon.colcon_core.verb:set package 'path_planner_example' build argument 'cmake_clean_cache' from command line to 'False'
[2.723s] Level 5:colcon.colcon_core.verb:set package 'path_planner_example' build argument 'cmake_clean_first' from command line to 'False'
[2.723s] Level 5:colcon.colcon_core.verb:set package 'path_planner_example' build argument 'cmake_force_configure' from command line to 'False'
[2.728s] Level 5:colcon.colcon_core.verb:set package 'path_planner_example' build argument 'ament_cmake_args' from command line to 'None'
[2.729s] Level 5:colcon.colcon_core.verb:set package 'path_planner_example' build argument 'catkin_cmake_args' from command line to 'None'
[2.729s] Level 5:colcon.colcon_core.verb:set package 'path_planner_example' build argument 'catkin_skip_building_tests' from command line to 'False'
[2.729s] DEBUG:colcon.colcon_core.verb:Building package 'path_planner_example' with the following arguments: {'ament_cmake_args': None, 'build_base': '/home/tyamada/exercises_ws/build/path_planner_example', 'catkin_cmake_args': None, 'catkin_skip_building_tests': False, 'cmake_args': None, 'cmake_clean_cache': False, 'cmake_clean_first': False, 'cmake_force_configure': False, 'cmake_target': None, 'cmake_target_skip_unavailable': False, 'install_base': '/home/tyamada/exercises_ws/install/path_planner_example', 'merge_install': False, 'path': '/home/tyamada/exercises_ws/src/path_planner_example', 'symlink_install': True, 'test_result_base': None}
[2.731s] Level 5:colcon.colcon_core.verb:set package 'ros2_exercises' build argument 'cmake_args' from command line to 'None'
[2.731s] Level 5:colcon.colcon_core.verb:set package 'ros2_exercises' build argument 'cmake_target' from command line to 'None'
[2.731s] Level 5:colcon.colcon_core.verb:set package 'ros2_exercises' build argument 'cmake_target_skip_unavailable' from command line to 'False'
[2.731s] Level 5:colcon.colcon_core.verb:set package 'ros2_exercises' build argument 'cmake_clean_cache' from command line to 'False'
[2.731s] Level 5:colcon.colcon_core.verb:set package 'ros2_exercises' build argument 'cmake_clean_first' from command line to 'False'
[2.731s] Level 5:colcon.colcon_core.verb:set package 'ros2_exercises' build argument 'cmake_force_configure' from command line to 'False'
[2.732s] Level 5:colcon.colcon_core.verb:set package 'ros2_exercises' build argument 'ament_cmake_args' from command line to 'None'
[2.732s] Level 5:colcon.colcon_core.verb:set package 'ros2_exercises' build argument 'catkin_cmake_args' from command line to 'None'
[2.732s] Level 5:colcon.colcon_core.verb:set package 'ros2_exercises' build argument 'catkin_skip_building_tests' from command line to 'False'
[2.732s] DEBUG:colcon.colcon_core.verb:Building package 'ros2_exercises' with the following arguments: {'ament_cmake_args': None, 'build_base': '/home/tyamada/exercises_ws/build/ros2_exercises', 'catkin_cmake_args': None, 'catkin_skip_building_tests': False, 'cmake_args': None, 'cmake_clean_cache': False, 'cmake_clean_first': False, 'cmake_force_configure': False, 'cmake_target': None, 'cmake_target_skip_unavailable': False, 'install_base': '/home/tyamada/exercises_ws/install/ros2_exercises', 'merge_install': False, 'path': '/home/tyamada/exercises_ws/src/ros2_exercises', 'symlink_install': True, 'test_result_base': None}
[2.732s] INFO:colcon.colcon_core.executor:Executing jobs using 'parallel' executor
[2.744s] DEBUG:colcon.colcon_parallel_executor.executor.parallel:run_until_complete
[2.744s] INFO:colcon.colcon_ros.task.ament_python.build:Building ROS package in '/home/tyamada/exercises_ws/src/path_planner_example' with build type 'ament_python'
[2.745s] Level 1:colcon.colcon_core.shell:create_environment_hook('path_planner_example', 'ament_prefix_path')
[2.752s] INFO:colcon.colcon_core.plugin_system:Skipping extension 'colcon_core.shell.bat': Not used on non-Windows systems
[2.753s] INFO:colcon.colcon_core.shell:Creating environment hook '/home/tyamada/exercises_ws/install/path_planner_example/share/path_planner_example/hook/ament_prefix_path.ps1'
[2.770s] INFO:colcon.colcon_core.shell:Creating environment descriptor '/home/tyamada/exercises_ws/install/path_planner_example/share/path_planner_example/hook/ament_prefix_path.dsv'
[2.780s] INFO:colcon.colcon_core.shell:Creating environment hook '/home/tyamada/exercises_ws/install/path_planner_example/share/path_planner_example/hook/ament_prefix_path.sh'
[2.787s] INFO:colcon.colcon_core.shell:Skip shell extension 'powershell' for command environment: Not usable outside of PowerShell
[2.787s] DEBUG:colcon.colcon_core.shell:Skip shell extension 'dsv' for command environment
[2.873s] INFO:colcon.colcon_ros.task.ament_python.build:Building ROS package in '/home/tyamada/exercises_ws/src/ros2_exercises' with build type 'ament_python'
[2.873s] Level 1:colcon.colcon_core.shell:create_environment_hook('ros2_exercises', 'ament_prefix_path')
[2.873s] INFO:colcon.colcon_core.shell:Creating environment hook '/home/tyamada/exercises_ws/install/ros2_exercises/share/ros2_exercises/hook/ament_prefix_path.ps1'
[2.875s] INFO:colcon.colcon_core.shell:Creating environment descriptor '/home/tyamada/exercises_ws/install/ros2_exercises/share/ros2_exercises/hook/ament_prefix_path.dsv'
[2.875s] INFO:colcon.colcon_core.shell:Creating environment hook '/home/tyamada/exercises_ws/install/ros2_exercises/share/ros2_exercises/hook/ament_prefix_path.sh'
[2.876s] INFO:colcon.colcon_core.shell:Skip shell extension 'powershell' for command environment: Not usable outside of PowerShell
[2.876s] DEBUG:colcon.colcon_core.shell:Skip shell extension 'dsv' for command environment
[3.924s] INFO:colcon.colcon_core.task.python.build:Building Python package in '/home/tyamada/exercises_ws/src/path_planner_example'
[3.925s] INFO:colcon.colcon_core.shell:Skip shell extension 'powershell' for command environment: Not usable outside of PowerShell
[3.925s] DEBUG:colcon.colcon_core.shell:Skip shell extension 'dsv' for command environment
[5.819s] INFO:colcon.colcon_core.task.python.build:Building Python package in '/home/tyamada/exercises_ws/src/ros2_exercises'
[5.820s] INFO:colcon.colcon_core.shell:Skip shell extension 'powershell' for command environment: Not usable outside of PowerShell
[5.820s] DEBUG:colcon.colcon_core.shell:Skip shell extension 'dsv' for command environment
[10.168s] DEBUG:colcon.colcon_core.event_handler.log_command:Invoking command in '/home/tyamada/exercises_ws/build/path_planner_example': PYTHONPATH=/home/tyamada/exercises_ws/build/path_planner_example/prefix_override:/usr/lib/python3/dist-packages/colcon_core/task/python/colcon_distutils_commands:/home/tyamada/exercises_ws/install/path_planner_example/lib/python3.10/site-packages:${PYTHONPATH} /usr/bin/python3 -W ignore:setup.py install is deprecated -W ignore:easy_install command is deprecated setup.py develop --editable --build-directory /home/tyamada/exercises_ws/build/path_planner_example/build --no-deps symlink_data
[10.884s] DEBUG:colcon.colcon_core.event_handler.log_command:Invoking command in '/home/tyamada/exercises_ws/build/ros2_exercises': PYTHONPATH=/home/tyamada/exercises_ws/build/ros2_exercises/prefix_override:/usr/lib/python3/dist-packages/colcon_core/task/python/colcon_distutils_commands:/home/tyamada/exercises_ws/install/ros2_exercises/lib/python3.10/site-packages:${PYTHONPATH} /usr/bin/python3 -W ignore:setup.py install is deprecated -W ignore:easy_install command is deprecated setup.py develop --editable --build-directory /home/tyamada/exercises_ws/build/ros2_exercises/build --no-deps symlink_data
[15.038s] Level 1:colcon.colcon_core.shell:create_environment_hook('ros2_exercises', 'pythonpath_develop')
[15.038s] INFO:colcon.colcon_core.shell:Creating environment hook '/home/tyamada/exercises_ws/build/ros2_exercises/share/ros2_exercises/hook/pythonpath_develop.ps1'
[15.039s] DEBUG:colcon.colcon_core.event_handler.log_command:Invoked command in '/home/tyamada/exercises_ws/build/ros2_exercises' returned '0': PYTHONPATH=/home/tyamada/exercises_ws/build/ros2_exercises/prefix_override:/usr/lib/python3/dist-packages/colcon_core/task/python/colcon_distutils_commands:/home/tyamada/exercises_ws/install/ros2_exercises/lib/python3.10/site-packages:${PYTHONPATH} /usr/bin/python3 -W ignore:setup.py install is deprecated -W ignore:easy_install command is deprecated setup.py develop --editable --build-directory /home/tyamada/exercises_ws/build/ros2_exercises/build --no-deps symlink_data
[15.040s] INFO:colcon.colcon_core.shell:Creating environment descriptor '/home/tyamada/exercises_ws/build/ros2_exercises/share/ros2_exercises/hook/pythonpath_develop.dsv'
[15.043s] INFO:colcon.colcon_core.shell:Creating environment hook '/home/tyamada/exercises_ws/build/ros2_exercises/share/ros2_exercises/hook/pythonpath_develop.sh'
[15.082s] Level 1:colcon.colcon_core.environment:checking '/home/tyamada/exercises_ws/install/ros2_exercises' for CMake module files
[15.085s] Level 1:colcon.colcon_core.environment:checking '/home/tyamada/exercises_ws/install/ros2_exercises' for CMake config files
[15.087s] Level 1:colcon.colcon_core.environment:checking '/home/tyamada/exercises_ws/install/ros2_exercises/lib'
[15.087s] Level 1:colcon.colcon_core.environment:checking '/home/tyamada/exercises_ws/install/ros2_exercises/bin'
[15.087s] Level 1:colcon.colcon_core.environment:checking '/home/tyamada/exercises_ws/install/ros2_exercises/lib/pkgconfig/ros2_exercises.pc'
[15.106s] Level 1:colcon.colcon_core.environment:checking '/home/tyamada/exercises_ws/install/ros2_exercises/lib/python3.10/site-packages'
[15.108s] Level 1:colcon.colcon_core.shell:create_environment_hook('ros2_exercises', 'pythonpath')
[15.109s] INFO:colcon.colcon_core.shell:Creating environment hook '/home/tyamada/exercises_ws/install/ros2_exercises/share/ros2_exercises/hook/pythonpath.ps1'
[15.126s] INFO:colcon.colcon_core.shell:Creating environment descriptor '/home/tyamada/exercises_ws/install/ros2_exercises/share/ros2_exercises/hook/pythonpath.dsv'
[15.132s] INFO:colcon.colcon_core.shell:Creating environment hook '/home/tyamada/exercises_ws/install/ros2_exercises/share/ros2_exercises/hook/pythonpath.sh'
[15.157s] Level 1:colcon.colcon_core.environment:checking '/home/tyamada/exercises_ws/install/ros2_exercises/bin'
[15.163s] Level 1:colcon.colcon_core.environment:create_environment_scripts_only(ros2_exercises)
[15.172s] INFO:colcon.colcon_core.shell:Creating package script '/home/tyamada/exercises_ws/install/ros2_exercises/share/ros2_exercises/package.ps1'
[15.218s] INFO:colcon.colcon_core.shell:Creating package descriptor '/home/tyamada/exercises_ws/install/ros2_exercises/share/ros2_exercises/package.dsv'
[15.262s] INFO:colcon.colcon_core.shell:Creating package script '/home/tyamada/exercises_ws/install/ros2_exercises/share/ros2_exercises/package.sh'
[15.270s] INFO:colcon.colcon_core.shell:Creating package script '/home/tyamada/exercises_ws/install/ros2_exercises/share/ros2_exercises/package.bash'
[15.285s] INFO:colcon.colcon_core.shell:Creating package script '/home/tyamada/exercises_ws/install/ros2_exercises/share/ros2_exercises/package.zsh'
[15.330s] Level 1:colcon.colcon_core.environment:create_file_with_runtime_dependencies(/home/tyamada/exercises_ws/install/ros2_exercises/share/colcon-core/packages/ros2_exercises)
[15.345s] Level 1:colcon.colcon_core.shell:create_environment_hook('path_planner_example', 'pythonpath_develop')
[15.346s] DEBUG:colcon.colcon_core.event_handler.log_command:Invoked command in '/home/tyamada/exercises_ws/build/path_planner_example' returned '0': PYTHONPATH=/home/tyamada/exercises_ws/build/path_planner_example/prefix_override:/usr/lib/python3/dist-packages/colcon_core/task/python/colcon_distutils_commands:/home/tyamada/exercises_ws/install/path_planner_example/lib/python3.10/site-packages:${PYTHONPATH} /usr/bin/python3 -W ignore:setup.py install is deprecated -W ignore:easy_install command is deprecated setup.py develop --editable --build-directory /home/tyamada/exercises_ws/build/path_planner_example/build --no-deps symlink_data
[15.352s] INFO:colcon.colcon_core.shell:Creating environment hook '/home/tyamada/exercises_ws/build/path_planner_example/share/path_planner_example/hook/pythonpath_develop.ps1'
[15.379s] INFO:colcon.colcon_core.shell:Creating environment descriptor '/home/tyamada/exercises_ws/build/path_planner_example/share/path_planner_example/hook/pythonpath_develop.dsv'
[15.418s] INFO:colcon.colcon_core.shell:Creating environment hook '/home/tyamada/exercises_ws/build/path_planner_example/share/path_planner_example/hook/pythonpath_develop.sh'
[15.422s] Level 1:colcon.colcon_core.environment:checking '/home/tyamada/exercises_ws/install/path_planner_example' for CMake module files
[15.423s] Level 1:colcon.colcon_core.environment:checking '/home/tyamada/exercises_ws/install/path_planner_example' for CMake config files
[15.425s] Level 1:colcon.colcon_core.environment:checking '/home/tyamada/exercises_ws/install/path_planner_example/lib'
[15.425s] Level 1:colcon.colcon_core.environment:checking '/home/tyamada/exercises_ws/install/path_planner_example/bin'
[15.425s] Level 1:colcon.colcon_core.environment:checking '/home/tyamada/exercises_ws/install/path_planner_example/lib/pkgconfig/path_planner_example.pc'
[15.426s] Level 1:colcon.colcon_core.environment:checking '/home/tyamada/exercises_ws/install/path_planner_example/lib/python3.10/site-packages'
[15.426s] Level 1:colcon.colcon_core.shell:create_environment_hook('path_planner_example', 'pythonpath')
[15.427s] INFO:colcon.colcon_core.shell:Creating environment hook '/home/tyamada/exercises_ws/install/path_planner_example/share/path_planner_example/hook/pythonpath.ps1'
[15.428s] INFO:colcon.colcon_core.shell:Creating environment descriptor '/home/tyamada/exercises_ws/install/path_planner_example/share/path_planner_example/hook/pythonpath.dsv'
[15.428s] INFO:colcon.colcon_core.shell:Creating environment hook '/home/tyamada/exercises_ws/install/path_planner_example/share/path_planner_example/hook/pythonpath.sh'
[15.429s] Level 1:colcon.colcon_core.environment:checking '/home/tyamada/exercises_ws/install/path_planner_example/bin'
[15.430s] Level 1:colcon.colcon_core.environment:create_environment_scripts_only(path_planner_example)
[15.430s] INFO:colcon.colcon_core.shell:Creating package script '/home/tyamada/exercises_ws/install/path_planner_example/share/path_planner_example/package.ps1'
[15.431s] INFO:colcon.colcon_core.shell:Creating package descriptor '/home/tyamada/exercises_ws/install/path_planner_example/share/path_planner_example/package.dsv'
[15.432s] INFO:colcon.colcon_core.shell:Creating package script '/home/tyamada/exercises_ws/install/path_planner_example/share/path_planner_example/package.sh'
[15.433s] INFO:colcon.colcon_core.shell:Creating package script '/home/tyamada/exercises_ws/install/path_planner_example/share/path_planner_example/package.bash'
[15.438s] INFO:colcon.colcon_core.shell:Creating package script '/home/tyamada/exercises_ws/install/path_planner_example/share/path_planner_example/package.zsh'
[15.438s] Level 1:colcon.colcon_core.environment:create_file_with_runtime_dependencies(/home/tyamada/exercises_ws/install/path_planner_example/share/colcon-core/packages/path_planner_example)
[15.439s] DEBUG:colcon.colcon_parallel_executor.executor.parallel:closing loop
[15.440s] DEBUG:colcon.colcon_parallel_executor.executor.parallel:loop closed
[15.440s] DEBUG:colcon.colcon_parallel_executor.executor.parallel:run_until_complete finished with '0'
[15.440s] DEBUG:colcon.colcon_core.event_reactor:joining thread
[15.459s] INFO:colcon.colcon_core.plugin_system:Skipping extension 'colcon_notification.desktop_notification.terminal_notifier': Not used on non-Darwin systems
[15.461s] INFO:colcon.colcon_core.plugin_system:Skipping extension 'colcon_notification.desktop_notification.win32': Not used on non-Windows systems
[15.461s] INFO:colcon.colcon_notification.desktop_notification:Sending desktop notification using 'notify2'
[16.170s] DEBUG:colcon.colcon_core.event_reactor:joined thread
[16.170s] INFO:colcon.colcon_core.shell:Creating prefix script '/home/tyamada/exercises_ws/install/local_setup.ps1'
[16.172s] INFO:colcon.colcon_core.shell:Creating prefix util module '/home/tyamada/exercises_ws/install/_local_setup_util_ps1.py'
[16.176s] INFO:colcon.colcon_core.shell:Creating prefix chain script '/home/tyamada/exercises_ws/install/setup.ps1'
[16.182s] INFO:colcon.colcon_core.shell:Creating prefix script '/home/tyamada/exercises_ws/install/local_setup.sh'
[16.185s] INFO:colcon.colcon_core.shell:Creating prefix util module '/home/tyamada/exercises_ws/install/_local_setup_util_sh.py'
[16.187s] INFO:colcon.colcon_core.shell:Creating prefix chain script '/home/tyamada/exercises_ws/install/setup.sh'
[16.190s] INFO:colcon.colcon_core.shell:Creating prefix script '/home/tyamada/exercises_ws/install/local_setup.bash'
[16.192s] INFO:colcon.colcon_core.shell:Creating prefix chain script '/home/tyamada/exercises_ws/install/setup.bash'
[16.208s] INFO:colcon.colcon_core.shell:Creating prefix script '/home/tyamada/exercises_ws/install/local_setup.zsh'
[16.214s] INFO:colcon.colcon_core.shell:Creating prefix chain script '/home/tyamada/exercises_ws/install/setup.zsh'
