[0.461s] DEBUG:colcon:Command line arguments: ['/usr/bin/colcon', 'build', '--symlink-install']
[0.461s] DEBUG:colcon:Parsed command line arguments: Namespace(log_base=None, log_level=None, verb_name='build', build_base='build', install_base='install', merge_install=False, symlink_install=True, test_result_base=None, continue_on_error=False, executor='parallel', parallel_workers=14, event_handlers=None, ignore_user_meta=False, metas=['./colcon.meta'], base_paths=['.'], packages_ignore=None, packages_ignore_regex=None, paths=None, packages_up_to=None, packages_up_to_regex=None, packages_above=None, packages_above_and_dependencies=None, packages_above_depth=None, packages_select_by_dep=None, packages_skip_by_dep=None, packages_skip_up_to=None, packages_select_build_failed=False, packages_skip_build_finished=False, packages_select_test_failures=False, packages_skip_test_passed=False, packages_select=None, packages_skip=None, packages_select_regex=None, packages_skip_regex=None, packages_start=None, packages_end=None, allow_overriding=[], cmake_args=None, cmake_target=None, cmake_target_skip_unavailable=False, cmake_clean_cache=False, cmake_clean_first=False, cmake_force_configure=False, ament_cmake_args=None, catkin_cmake_args=None, catkin_skip_building_tests=False, verb_parser=<colcon_defaults.argument_parser.defaults.DefaultArgumentsDecorator object at 0x7fc06f648910>, verb_extension=<colcon_core.verb.build.BuildVerb object at 0x7fc06f6481c0>, main=<bound method BuildVerb.main of <colcon_core.verb.build.BuildVerb object at 0x7fc06f6481c0>>)
[1.080s] Level 1:colcon.colcon_core.package_discovery:discover_packages(colcon_meta) check parameters
[1.081s] Level 1:colcon.colcon_core.package_discovery:discover_packages(recursive) check parameters
[1.081s] Level 1:colcon.colcon_core.package_discovery:discover_packages(ignore) check parameters
[1.081s] Level 1:colcon.colcon_core.package_discovery:discover_packages(path) check parameters
[1.081s] Level 1:colcon.colcon_core.package_discovery:discover_packages(colcon_meta) discover
[1.081s] Level 1:colcon.colcon_core.package_discovery:discover_packages(recursive) discover
[1.081s] INFO:colcon.colcon_core.package_discovery:Crawling recursively for packages in '/home/tyamada/exercises_ws'
[1.081s] Level 1:colcon.colcon_core.package_identification:_identify(.) by extensions ['ignore', 'ignore_ament_install']
[1.082s] Level 1:colcon.colcon_core.package_identification:_identify(.) by extension 'ignore'
[1.082s] Level 1:colcon.colcon_core.package_identification:_identify(.) by extension 'ignore_ament_install'
[1.082s] Level 1:colcon.colcon_core.package_identification:_identify(.) by extensions ['colcon_pkg']
[1.084s] Level 1:colcon.colcon_core.package_identification:_identify(.) by extension 'colcon_pkg'
[1.084s] Level 1:colcon.colcon_core.package_identification:_identify(.) by extensions ['colcon_meta']
[1.085s] Level 1:colcon.colcon_core.package_identification:_identify(.) by extension 'colcon_meta'
[1.085s] Level 1:colcon.colcon_core.package_identification:_identify(.) by extensions ['ros']
[1.085s] Level 1:colcon.colcon_core.package_identification:_identify(.) by extension 'ros'
[1.152s] Level 1:colcon.colcon_core.package_identification:_identify(.) by extensions ['cmake', 'python']
[1.152s] Level 1:colcon.colcon_core.package_identification:_identify(.) by extension 'cmake'
[1.152s] Level 1:colcon.colcon_core.package_identification:_identify(.) by extension 'python'
[1.152s] Level 1:colcon.colcon_core.package_identification:_identify(.) by extensions ['python_setup_py']
[1.152s] Level 1:colcon.colcon_core.package_identification:_identify(.) by extension 'python_setup_py'
[1.152s] Level 1:colcon.colcon_core.package_identification:_identify(build) by extensions ['ignore', 'ignore_ament_install']
[1.153s] Level 1:colcon.colcon_core.package_identification:_identify(build) by extension 'ignore'
[1.153s] Level 1:colcon.colcon_core.package_identification:_identify(build) ignored
[1.153s] Level 1:colcon.colcon_core.package_identification:_identify(install) by extensions ['ignore', 'ignore_ament_install']
[1.153s] Level 1:colcon.colcon_core.package_identification:_identify(install) by extension 'ignore'
[1.153s] Level 1:colcon.colcon_core.package_identification:_identify(install) ignored
[1.153s] Level 1:colcon.colcon_core.package_identification:_identify(log) by extensions ['ignore', 'ignore_ament_install']
[1.154s] Level 1:colcon.colcon_core.package_identification:_identify(log) by extension 'ignore'
[1.154s] Level 1:colcon.colcon_core.package_identification:_identify(log) ignored
[1.161s] Level 1:colcon.colcon_core.package_identification:_identify(src) by extensions ['ignore', 'ignore_ament_install']
[1.161s] Level 1:colcon.colcon_core.package_identification:_identify(src) by extension 'ignore'
[1.161s] Level 1:colcon.colcon_core.package_identification:_identify(src) by extension 'ignore_ament_install'
[1.161s] Level 1:colcon.colcon_core.package_identification:_identify(src) by extensions ['colcon_pkg']
[1.162s] Level 1:colcon.colcon_core.package_identification:_identify(src) by extension 'colcon_pkg'
[1.162s] Level 1:colcon.colcon_core.package_identification:_identify(src) by extensions ['colcon_meta']
[1.162s] Level 1:colcon.colcon_core.package_identification:_identify(src) by extension 'colcon_meta'
[1.163s] Level 1:colcon.colcon_core.package_identification:_identify(src) by extensions ['ros']
[1.163s] Level 1:colcon.colcon_core.package_identification:_identify(src) by extension 'ros'
[1.165s] Level 1:colcon.colcon_core.package_identification:_identify(src) by extensions ['cmake', 'python']
[1.165s] Level 1:colcon.colcon_core.package_identification:_identify(src) by extension 'cmake'
[1.166s] Level 1:colcon.colcon_core.package_identification:_identify(src) by extension 'python'
[1.166s] Level 1:colcon.colcon_core.package_identification:_identify(src) by extensions ['python_setup_py']
[1.166s] Level 1:colcon.colcon_core.package_identification:_identify(src) by extension 'python_setup_py'
[1.166s] Level 1:colcon.colcon_core.package_identification:_identify(src/path_planner_example) by extensions ['ignore', 'ignore_ament_install']
[1.168s] Level 1:colcon.colcon_core.package_identification:_identify(src/path_planner_example) by extension 'ignore'
[1.168s] Level 1:colcon.colcon_core.package_identification:_identify(src/path_planner_example) by extension 'ignore_ament_install'
[1.168s] Level 1:colcon.colcon_core.package_identification:_identify(src/path_planner_example) by extensions ['colcon_pkg']
[1.168s] Level 1:colcon.colcon_core.package_identification:_identify(src/path_planner_example) by extension 'colcon_pkg'
[1.169s] Level 1:colcon.colcon_core.package_identification:_identify(src/path_planner_example) by extensions ['colcon_meta']
[1.169s] Level 1:colcon.colcon_core.package_identification:_identify(src/path_planner_example) by extension 'colcon_meta'
[1.169s] Level 1:colcon.colcon_core.package_identification:_identify(src/path_planner_example) by extensions ['ros']
[1.169s] Level 1:colcon.colcon_core.package_identification:_identify(src/path_planner_example) by extension 'ros'
[1.178s] DEBUG:colcon.colcon_core.package_identification:Package 'src/path_planner_example' with type 'ros.ament_python' and name 'path_planner_example'
[1.179s] Level 1:colcon.colcon_core.package_identification:_identify(src/ros2_exercises) by extensions ['ignore', 'ignore_ament_install']
[1.179s] Level 1:colcon.colcon_core.package_identification:_identify(src/ros2_exercises) by extension 'ignore'
[1.180s] Level 1:colcon.colcon_core.package_identification:_identify(src/ros2_exercises) by extension 'ignore_ament_install'
[1.180s] Level 1:colcon.colcon_core.package_identification:_identify(src/ros2_exercises) by extensions ['colcon_pkg']
[1.180s] Level 1:colcon.colcon_core.package_identification:_identify(src/ros2_exercises) by extension 'colcon_pkg'
[1.180s] Level 1:colcon.colcon_core.package_identification:_identify(src/ros2_exercises) by extensions ['colcon_meta']
[1.180s] Level 1:colcon.colcon_core.package_identification:_identify(src/ros2_exercises) by extension 'colcon_meta'
[1.180s] Level 1:colcon.colcon_core.package_identification:_identify(src/ros2_exercises) by extensions ['ros']
[1.180s] Level 1:colcon.colcon_core.package_identification:_identify(src/ros2_exercises) by extension 'ros'
[1.182s] DEBUG:colcon.colcon_core.package_identification:Package 'src/ros2_exercises' with type 'ros.ament_python' and name 'ros2_exercises'
[1.182s] Level 1:colcon.colcon_core.package_discovery:discover_packages(recursive) using defaults
[1.182s] Level 1:colcon.colcon_core.package_discovery:discover_packages(ignore) discover
[1.182s] Level 1:colcon.colcon_core.package_discovery:discover_packages(ignore) using defaults
[1.182s] Level 1:colcon.colcon_core.package_discovery:discover_packages(path) discover
[1.182s] Level 1:colcon.colcon_core.package_discovery:discover_packages(path) using defaults
[1.264s] Level 1:colcon.colcon_core.package_discovery:discover_packages(prefix_path) check parameters
[1.265s] Level 1:colcon.colcon_core.package_discovery:discover_packages(prefix_path) discover
[1.272s] DEBUG:colcon.colcon_installed_package_information.package_discovery:Found 2 installed packages in /home/tyamada/exercises_ws/install
[1.276s] DEBUG:colcon.colcon_installed_package_information.package_discovery:Found 3 installed packages in /home/tyamada/ros2_ws/install
[1.279s] DEBUG:colcon.colcon_installed_package_information.package_discovery:Found 327 installed packages in /opt/ros/humble
[1.326s] Level 1:colcon.colcon_core.package_discovery:discover_packages(prefix_path) using defaults
[1.505s] Level 5:colcon.colcon_core.verb:set package 'path_planner_example' build argument 'cmake_args' from command line to 'None'
[1.505s] Level 5:colcon.colcon_core.verb:set package 'path_planner_example' build argument 'cmake_target' from command line to 'None'
[1.505s] Level 5:colcon.colcon_core.verb:set package 'path_planner_example' build argument 'cmake_target_skip_unavailable' from command line to 'False'
[1.505s] Level 5:colcon.colcon_core.verb:set package 'path_planner_example' build argument 'cmake_clean_cache' from command line to 'False'
[1.505s] Level 5:colcon.colcon_core.verb:set package 'path_planner_example' build argument 'cmake_clean_first' from command line to 'False'
[1.505s] Level 5:colcon.colcon_core.verb:set package 'path_planner_example' build argument 'cmake_force_configure' from command line to 'False'
[1.505s] Level 5:colcon.colcon_core.verb:set package 'path_planner_example' build argument 'ament_cmake_args' from command line to 'None'
[1.505s] Level 5:colcon.colcon_core.verb:set package 'path_planner_example' build argument 'catkin_cmake_args' from command line to 'None'
[1.505s] Level 5:colcon.colcon_core.verb:set package 'path_planner_example' build argument 'catkin_skip_building_tests' from command line to 'False'
[1.505s] DEBUG:colcon.colcon_core.verb:Building package 'path_planner_example' with the following arguments: {'ament_cmake_args': None, 'build_base': '/home/tyamada/exercises_ws/build/path_planner_example', 'catkin_cmake_args': None, 'catkin_skip_building_tests': False, 'cmake_args': None, 'cmake_clean_cache': False, 'cmake_clean_first': False, 'cmake_force_configure': False, 'cmake_target': None, 'cmake_target_skip_unavailable': False, 'install_base': '/home/tyamada/exercises_ws/install/path_planner_example', 'merge_install': False, 'path': '/home/tyamada/exercises_ws/src/path_planner_example', 'symlink_install': True, 'test_result_base': None}
[1.506s] Level 5:colcon.colcon_core.verb:set package 'ros2_exercises' build argument 'cmake_args' from command line to 'None'
[1.506s] Level 5:colcon.colcon_core.verb:set package 'ros2_exercises' build argument 'cmake_target' from command line to 'None'
[1.506s] Level 5:colcon.colcon_core.verb:set package 'ros2_exercises' build argument 'cmake_target_skip_unavailable' from command line to 'False'
[1.506s] Level 5:colcon.colcon_core.verb:set package 'ros2_exercises' build argument 'cmake_clean_cache' from command line to 'False'
[1.506s] Level 5:colcon.colcon_core.verb:set package 'ros2_exercises' build argument 'cmake_clean_first' from command line to 'False'
[1.508s] Level 5:colcon.colcon_core.verb:set package 'ros2_exercises' build argument 'cmake_force_configure' from command line to 'False'
[1.509s] Level 5:colcon.colcon_core.verb:set package 'ros2_exercises' build argument 'ament_cmake_args' from command line to 'None'
[1.509s] Level 5:colcon.colcon_core.verb:set package 'ros2_exercises' build argument 'catkin_cmake_args' from command line to 'None'
[1.509s] Level 5:colcon.colcon_core.verb:set package 'ros2_exercises' build argument 'catkin_skip_building_tests' from command line to 'False'
[1.509s] DEBUG:colcon.colcon_core.verb:Building package 'ros2_exercises' with the following arguments: {'ament_cmake_args': None, 'build_base': '/home/tyamada/exercises_ws/build/ros2_exercises', 'catkin_cmake_args': None, 'catkin_skip_building_tests': False, 'cmake_args': None, 'cmake_clean_cache': False, 'cmake_clean_first': False, 'cmake_force_configure': False, 'cmake_target': None, 'cmake_target_skip_unavailable': False, 'install_base': '/home/tyamada/exercises_ws/install/ros2_exercises', 'merge_install': False, 'path': '/home/tyamada/exercises_ws/src/ros2_exercises', 'symlink_install': True, 'test_result_base': None}
[1.510s] INFO:colcon.colcon_core.executor:Executing jobs using 'parallel' executor
[1.511s] DEBUG:colcon.colcon_parallel_executor.executor.parallel:run_until_complete
[1.512s] INFO:colcon.colcon_ros.task.ament_python.build:Building ROS package in '/home/tyamada/exercises_ws/src/path_planner_example' with build type 'ament_python'
[1.512s] Level 1:colcon.colcon_core.shell:create_environment_hook('path_planner_example', 'ament_prefix_path')
[1.531s] INFO:colcon.colcon_core.plugin_system:Skipping extension 'colcon_core.shell.bat': Not used on non-Windows systems
[1.533s] INFO:colcon.colcon_core.shell:Creating environment hook '/home/tyamada/exercises_ws/install/path_planner_example/share/path_planner_example/hook/ament_prefix_path.ps1'
[1.537s] INFO:colcon.colcon_core.shell:Creating environment descriptor '/home/tyamada/exercises_ws/install/path_planner_example/share/path_planner_example/hook/ament_prefix_path.dsv'
[1.545s] INFO:colcon.colcon_core.shell:Creating environment hook '/home/tyamada/exercises_ws/install/path_planner_example/share/path_planner_example/hook/ament_prefix_path.sh'
[1.548s] INFO:colcon.colcon_core.shell:Skip shell extension 'powershell' for command environment: Not usable outside of PowerShell
[1.548s] DEBUG:colcon.colcon_core.shell:Skip shell extension 'dsv' for command environment
[1.587s] INFO:colcon.colcon_ros.task.ament_python.build:Building ROS package in '/home/tyamada/exercises_ws/src/ros2_exercises' with build type 'ament_python'
[1.587s] Level 1:colcon.colcon_core.shell:create_environment_hook('ros2_exercises', 'ament_prefix_path')
[1.587s] INFO:colcon.colcon_core.shell:Creating environment hook '/home/tyamada/exercises_ws/install/ros2_exercises/share/ros2_exercises/hook/ament_prefix_path.ps1'
[1.609s] INFO:colcon.colcon_core.shell:Creating environment descriptor '/home/tyamada/exercises_ws/install/ros2_exercises/share/ros2_exercises/hook/ament_prefix_path.dsv'
[1.609s] INFO:colcon.colcon_core.shell:Creating environment hook '/home/tyamada/exercises_ws/install/ros2_exercises/share/ros2_exercises/hook/ament_prefix_path.sh'
[1.611s] INFO:colcon.colcon_core.shell:Skip shell extension 'powershell' for command environment: Not usable outside of PowerShell
[1.611s] DEBUG:colcon.colcon_core.shell:Skip shell extension 'dsv' for command environment
[3.088s] INFO:colcon.colcon_core.task.python.build:Building Python package in '/home/tyamada/exercises_ws/src/path_planner_example'
[3.088s] INFO:colcon.colcon_core.shell:Skip shell extension 'powershell' for command environment: Not usable outside of PowerShell
[3.088s] DEBUG:colcon.colcon_core.shell:Skip shell extension 'dsv' for command environment
[4.118s] INFO:colcon.colcon_core.task.python.build:Building Python package in '/home/tyamada/exercises_ws/src/ros2_exercises'
[4.119s] INFO:colcon.colcon_core.shell:Skip shell extension 'powershell' for command environment: Not usable outside of PowerShell
[4.119s] DEBUG:colcon.colcon_core.shell:Skip shell extension 'dsv' for command environment
[6.050s] DEBUG:colcon.colcon_core.event_handler.log_command:Invoking command in '/home/tyamada/exercises_ws/build/path_planner_example': PYTHONPATH=/home/tyamada/exercises_ws/build/path_planner_example/prefix_override:/usr/lib/python3/dist-packages/colcon_core/task/python/colcon_distutils_commands:/home/tyamada/exercises_ws/install/path_planner_example/lib/python3.10/site-packages:${PYTHONPATH} /usr/bin/python3 -W ignore:setup.py install is deprecated -W ignore:easy_install command is deprecated setup.py develop --editable --build-directory /home/tyamada/exercises_ws/build/path_planner_example/build --no-deps symlink_data
[6.317s] DEBUG:colcon.colcon_core.event_handler.log_command:Invoking command in '/home/tyamada/exercises_ws/build/ros2_exercises': PYTHONPATH=/home/tyamada/exercises_ws/build/ros2_exercises/prefix_override:/usr/lib/python3/dist-packages/colcon_core/task/python/colcon_distutils_commands:/home/tyamada/exercises_ws/install/ros2_exercises/lib/python3.10/site-packages:${PYTHONPATH} /usr/bin/python3 -W ignore:setup.py install is deprecated -W ignore:easy_install command is deprecated setup.py develop --editable --build-directory /home/tyamada/exercises_ws/build/ros2_exercises/build --no-deps symlink_data
[8.916s] Level 1:colcon.colcon_core.shell:create_environment_hook('ros2_exercises', 'pythonpath_develop')
[8.916s] DEBUG:colcon.colcon_core.event_handler.log_command:Invoked command in '/home/tyamada/exercises_ws/build/ros2_exercises' returned '0': PYTHONPATH=/home/tyamada/exercises_ws/build/ros2_exercises/prefix_override:/usr/lib/python3/dist-packages/colcon_core/task/python/colcon_distutils_commands:/home/tyamada/exercises_ws/install/ros2_exercises/lib/python3.10/site-packages:${PYTHONPATH} /usr/bin/python3 -W ignore:setup.py install is deprecated -W ignore:easy_install command is deprecated setup.py develop --editable --build-directory /home/tyamada/exercises_ws/build/ros2_exercises/build --no-deps symlink_data
[8.918s] INFO:colcon.colcon_core.shell:Creating environment hook '/home/tyamada/exercises_ws/build/ros2_exercises/share/ros2_exercises/hook/pythonpath_develop.ps1'
[8.920s] INFO:colcon.colcon_core.shell:Creating environment descriptor '/home/tyamada/exercises_ws/build/ros2_exercises/share/ros2_exercises/hook/pythonpath_develop.dsv'
[8.920s] INFO:colcon.colcon_core.shell:Creating environment hook '/home/tyamada/exercises_ws/build/ros2_exercises/share/ros2_exercises/hook/pythonpath_develop.sh'
[8.941s] Level 1:colcon.colcon_core.environment:checking '/home/tyamada/exercises_ws/install/ros2_exercises' for CMake module files
[8.948s] Level 1:colcon.colcon_core.environment:checking '/home/tyamada/exercises_ws/install/ros2_exercises' for CMake config files
[8.950s] Level 1:colcon.colcon_core.environment:checking '/home/tyamada/exercises_ws/install/ros2_exercises/lib'
[8.950s] Level 1:colcon.colcon_core.environment:checking '/home/tyamada/exercises_ws/install/ros2_exercises/bin'
[8.950s] Level 1:colcon.colcon_core.environment:checking '/home/tyamada/exercises_ws/install/ros2_exercises/lib/pkgconfig/ros2_exercises.pc'
[8.951s] Level 1:colcon.colcon_core.environment:checking '/home/tyamada/exercises_ws/install/ros2_exercises/lib/python3.10/site-packages'
[8.951s] Level 1:colcon.colcon_core.shell:create_environment_hook('ros2_exercises', 'pythonpath')
[8.953s] INFO:colcon.colcon_core.shell:Creating environment hook '/home/tyamada/exercises_ws/install/ros2_exercises/share/ros2_exercises/hook/pythonpath.ps1'
[8.961s] INFO:colcon.colcon_core.shell:Creating environment descriptor '/home/tyamada/exercises_ws/install/ros2_exercises/share/ros2_exercises/hook/pythonpath.dsv'
[8.965s] INFO:colcon.colcon_core.shell:Creating environment hook '/home/tyamada/exercises_ws/install/ros2_exercises/share/ros2_exercises/hook/pythonpath.sh'
[8.970s] Level 1:colcon.colcon_core.environment:checking '/home/tyamada/exercises_ws/install/ros2_exercises/bin'
[8.970s] Level 1:colcon.colcon_core.environment:create_environment_scripts_only(ros2_exercises)
[8.971s] INFO:colcon.colcon_core.shell:Creating package script '/home/tyamada/exercises_ws/install/ros2_exercises/share/ros2_exercises/package.ps1'
[8.984s] INFO:colcon.colcon_core.shell:Creating package descriptor '/home/tyamada/exercises_ws/install/ros2_exercises/share/ros2_exercises/package.dsv'
[8.987s] INFO:colcon.colcon_core.shell:Creating package script '/home/tyamada/exercises_ws/install/ros2_exercises/share/ros2_exercises/package.sh'
[9.012s] INFO:colcon.colcon_core.shell:Creating package script '/home/tyamada/exercises_ws/install/ros2_exercises/share/ros2_exercises/package.bash'
[9.018s] INFO:colcon.colcon_core.shell:Creating package script '/home/tyamada/exercises_ws/install/ros2_exercises/share/ros2_exercises/package.zsh'
[9.033s] Level 1:colcon.colcon_core.environment:create_file_with_runtime_dependencies(/home/tyamada/exercises_ws/install/ros2_exercises/share/colcon-core/packages/ros2_exercises)
[9.236s] Level 1:colcon.colcon_core.shell:create_environment_hook('path_planner_example', 'pythonpath_develop')
[9.237s] INFO:colcon.colcon_core.shell:Creating environment hook '/home/tyamada/exercises_ws/build/path_planner_example/share/path_planner_example/hook/pythonpath_develop.ps1'
[9.238s] INFO:colcon.colcon_core.shell:Creating environment descriptor '/home/tyamada/exercises_ws/build/path_planner_example/share/path_planner_example/hook/pythonpath_develop.dsv'
[9.237s] DEBUG:colcon.colcon_core.event_handler.log_command:Invoked command in '/home/tyamada/exercises_ws/build/path_planner_example' returned '0': PYTHONPATH=/home/tyamada/exercises_ws/build/path_planner_example/prefix_override:/usr/lib/python3/dist-packages/colcon_core/task/python/colcon_distutils_commands:/home/tyamada/exercises_ws/install/path_planner_example/lib/python3.10/site-packages:${PYTHONPATH} /usr/bin/python3 -W ignore:setup.py install is deprecated -W ignore:easy_install command is deprecated setup.py develop --editable --build-directory /home/tyamada/exercises_ws/build/path_planner_example/build --no-deps symlink_data
[9.240s] INFO:colcon.colcon_core.shell:Creating environment hook '/home/tyamada/exercises_ws/build/path_planner_example/share/path_planner_example/hook/pythonpath_develop.sh'
[9.241s] Level 1:colcon.colcon_core.environment:checking '/home/tyamada/exercises_ws/install/path_planner_example' for CMake module files
[9.241s] Level 1:colcon.colcon_core.environment:checking '/home/tyamada/exercises_ws/install/path_planner_example' for CMake config files
[9.243s] Level 1:colcon.colcon_core.environment:checking '/home/tyamada/exercises_ws/install/path_planner_example/lib'
[9.244s] Level 1:colcon.colcon_core.environment:checking '/home/tyamada/exercises_ws/install/path_planner_example/bin'
[9.244s] Level 1:colcon.colcon_core.environment:checking '/home/tyamada/exercises_ws/install/path_planner_example/lib/pkgconfig/path_planner_example.pc'
[9.244s] Level 1:colcon.colcon_core.environment:checking '/home/tyamada/exercises_ws/install/path_planner_example/lib/python3.10/site-packages'
[9.244s] Level 1:colcon.colcon_core.shell:create_environment_hook('path_planner_example', 'pythonpath')
[9.245s] INFO:colcon.colcon_core.shell:Creating environment hook '/home/tyamada/exercises_ws/install/path_planner_example/share/path_planner_example/hook/pythonpath.ps1'
[9.246s] INFO:colcon.colcon_core.shell:Creating environment descriptor '/home/tyamada/exercises_ws/install/path_planner_example/share/path_planner_example/hook/pythonpath.dsv'
[9.248s] INFO:colcon.colcon_core.shell:Creating environment hook '/home/tyamada/exercises_ws/install/path_planner_example/share/path_planner_example/hook/pythonpath.sh'
[9.250s] Level 1:colcon.colcon_core.environment:checking '/home/tyamada/exercises_ws/install/path_planner_example/bin'
[9.250s] Level 1:colcon.colcon_core.environment:create_environment_scripts_only(path_planner_example)
[9.252s] INFO:colcon.colcon_core.shell:Creating package script '/home/tyamada/exercises_ws/install/path_planner_example/share/path_planner_example/package.ps1'
[9.254s] INFO:colcon.colcon_core.shell:Creating package descriptor '/home/tyamada/exercises_ws/install/path_planner_example/share/path_planner_example/package.dsv'
[9.258s] INFO:colcon.colcon_core.shell:Creating package script '/home/tyamada/exercises_ws/install/path_planner_example/share/path_planner_example/package.sh'
[9.260s] INFO:colcon.colcon_core.shell:Creating package script '/home/tyamada/exercises_ws/install/path_planner_example/share/path_planner_example/package.bash'
[9.261s] INFO:colcon.colcon_core.shell:Creating package script '/home/tyamada/exercises_ws/install/path_planner_example/share/path_planner_example/package.zsh'
[9.262s] Level 1:colcon.colcon_core.environment:create_file_with_runtime_dependencies(/home/tyamada/exercises_ws/install/path_planner_example/share/colcon-core/packages/path_planner_example)
[9.263s] DEBUG:colcon.colcon_parallel_executor.executor.parallel:closing loop
[9.263s] DEBUG:colcon.colcon_parallel_executor.executor.parallel:loop closed
[9.263s] DEBUG:colcon.colcon_parallel_executor.executor.parallel:run_until_complete finished with '0'
[9.263s] DEBUG:colcon.colcon_core.event_reactor:joining thread
[9.283s] INFO:colcon.colcon_core.plugin_system:Skipping extension 'colcon_notification.desktop_notification.terminal_notifier': Not used on non-Darwin systems
[9.283s] INFO:colcon.colcon_core.plugin_system:Skipping extension 'colcon_notification.desktop_notification.win32': Not used on non-Windows systems
[9.284s] INFO:colcon.colcon_notification.desktop_notification:Sending desktop notification using 'notify2'
[10.308s] DEBUG:colcon.colcon_core.event_reactor:joined thread
[10.309s] INFO:colcon.colcon_core.shell:Creating prefix script '/home/tyamada/exercises_ws/install/local_setup.ps1'
[10.310s] INFO:colcon.colcon_core.shell:Creating prefix util module '/home/tyamada/exercises_ws/install/_local_setup_util_ps1.py'
[10.315s] INFO:colcon.colcon_core.shell:Creating prefix chain script '/home/tyamada/exercises_ws/install/setup.ps1'
[10.317s] INFO:colcon.colcon_core.shell:Creating prefix script '/home/tyamada/exercises_ws/install/local_setup.sh'
[10.320s] INFO:colcon.colcon_core.shell:Creating prefix util module '/home/tyamada/exercises_ws/install/_local_setup_util_sh.py'
[10.323s] INFO:colcon.colcon_core.shell:Creating prefix chain script '/home/tyamada/exercises_ws/install/setup.sh'
[10.327s] INFO:colcon.colcon_core.shell:Creating prefix script '/home/tyamada/exercises_ws/install/local_setup.bash'
[10.329s] INFO:colcon.colcon_core.shell:Creating prefix chain script '/home/tyamada/exercises_ws/install/setup.bash'
[10.334s] INFO:colcon.colcon_core.shell:Creating prefix script '/home/tyamada/exercises_ws/install/local_setup.zsh'
[10.336s] INFO:colcon.colcon_core.shell:Creating prefix chain script '/home/tyamada/exercises_ws/install/setup.zsh'
