running develop
/usr/lib/python3/dist-packages/setuptools/command/easy_install.py:158: EasyInstallDeprecationWarning: easy_install command is deprecated. Use build and pip and other standards-based tools.
  warnings.warn(
running egg_info
creating ros2_exercises.egg-info
writing ros2_exercises.egg-info/PKG-INFO
writing dependency_links to ros2_exercises.egg-info/dependency_links.txt
writing entry points to ros2_exercises.egg-info/entry_points.txt
writing requirements to ros2_exercises.egg-info/requires.txt
writing top-level names to ros2_exercises.egg-info/top_level.txt
writing manifest file 'ros2_exercises.egg-info/SOURCES.txt'
reading manifest file 'ros2_exercises.egg-info/SOURCES.txt'
writing manifest file 'ros2_exercises.egg-info/SOURCES.txt'
running build_ext
Creating /home/tyamada/exercises_ws/install/ros2_exercises/lib/python3.10/site-packages/ros2-exercises.egg-link (link to .)
Installing odometry_publisher script to /home/tyamada/exercises_ws/install/ros2_exercises/lib/ros2_exercises

Installed /home/tyamada/exercises_ws/build/ros2_exercises
running symlink_data
creating /home/tyamada/exercises_ws/install/ros2_exercises/share/ament_index
creating /home/tyamada/exercises_ws/install/ros2_exercises/share/ament_index/resource_index
creating /home/tyamada/exercises_ws/install/ros2_exercises/share/ament_index/resource_index/packages
symbolically linking /home/tyamada/exercises_ws/build/ros2_exercises/resource/ros2_exercises -> /home/tyamada/exercises_ws/install/ros2_exercises/share/ament_index/resource_index/packages
symbolically linking /home/tyamada/exercises_ws/build/ros2_exercises/package.xml -> /home/tyamada/exercises_ws/install/ros2_exercises/share/ros2_exercises
