[2.682s] Invoking command in '/home/tyamada/exercises_ws/build/ros2_exercises': PYTHONPATH=/home/tyamada/exercises_ws/build/ros2_exercises/prefix_override:/usr/lib/python3/dist-packages/colcon_core/task/python/colcon_distutils_commands:/home/tyamada/exercises_ws/install/ros2_exercises/lib/python3.10/site-packages:${PYTHONPATH} /usr/bin/python3 -W ignore:setup.py install is deprecated setup.py develop --editable --build-directory /home/tyamada/exercises_ws/build/ros2_exercises/build --no-deps symlink_data
[3.689s] running develop
[3.689s] /usr/lib/python3/dist-packages/setuptools/command/easy_install.py:158: EasyInstallDeprecationWarning: easy_install command is deprecated. Use build and pip and other standards-based tools.
[3.690s]   warnings.warn(
[4.121s] running egg_info
[4.122s] creating ros2_exercises.egg-info
[4.122s] writing ros2_exercises.egg-info/PKG-INFO
[4.122s] writing dependency_links to ros2_exercises.egg-info/dependency_links.txt
[4.122s] writing entry points to ros2_exercises.egg-info/entry_points.txt
[4.123s] writing requirements to ros2_exercises.egg-info/requires.txt
[4.123s] writing top-level names to ros2_exercises.egg-info/top_level.txt
[4.123s] writing manifest file 'ros2_exercises.egg-info/SOURCES.txt'
[4.130s] reading manifest file 'ros2_exercises.egg-info/SOURCES.txt'
[4.131s] writing manifest file 'ros2_exercises.egg-info/SOURCES.txt'
[4.132s] running build_ext
[4.133s] Creating /home/tyamada/exercises_ws/install/ros2_exercises/lib/python3.10/site-packages/ros2-exercises.egg-link (link to .)
[4.134s] Installing odometry_publisher script to /home/tyamada/exercises_ws/install/ros2_exercises/lib/ros2_exercises
[4.134s] 
[4.135s] Installed /home/tyamada/exercises_ws/build/ros2_exercises
[4.135s] running symlink_data
[4.135s] creating /home/tyamada/exercises_ws/install/ros2_exercises/share/ament_index
[4.135s] creating /home/tyamada/exercises_ws/install/ros2_exercises/share/ament_index/resource_index
[4.135s] creating /home/tyamada/exercises_ws/install/ros2_exercises/share/ament_index/resource_index/packages
[4.135s] symbolically linking /home/tyamada/exercises_ws/build/ros2_exercises/resource/ros2_exercises -> /home/tyamada/exercises_ws/install/ros2_exercises/share/ament_index/resource_index/packages
[4.136s] symbolically linking /home/tyamada/exercises_ws/build/ros2_exercises/package.xml -> /home/tyamada/exercises_ws/install/ros2_exercises/share/ros2_exercises
[4.216s] Invoked command in '/home/tyamada/exercises_ws/build/ros2_exercises' returned '0': PYTHONPATH=/home/tyamada/exercises_ws/build/ros2_exercises/prefix_override:/usr/lib/python3/dist-packages/colcon_core/task/python/colcon_distutils_commands:/home/tyamada/exercises_ws/install/ros2_exercises/lib/python3.10/site-packages:${PYTHONPATH} /usr/bin/python3 -W ignore:setup.py install is deprecated setup.py develop --editable --build-directory /home/tyamada/exercises_ws/build/ros2_exercises/build --no-deps symlink_data
