[0.000000] (-) TimerEvent: {}
[0.002037] (ros2_exercises) JobQueued: {'identifier': 'ros2_exercises', 'dependencies': OrderedDict()}
[0.002100] (ros2_exercises) JobStarted: {'identifier': 'ros2_exercises'}
[0.099331] (-) TimerEvent: {}
[0.200842] (-) TimerEvent: {}
[0.301473] (-) TimerEvent: {}
[0.402194] (-) TimerEvent: {}
[0.502676] (-) TimerEvent: {}
[0.603214] (-) TimerEvent: {}
[0.703770] (-) TimerEvent: {}
[0.805208] (-) TimerEvent: {}
[0.905886] (-) TimerEvent: {}
[1.006377] (-) TimerEvent: {}
[1.107429] (-) TimerEvent: {}
[1.207879] (-) TimerEvent: {}
[1.308352] (-) TimerEvent: {}
[1.409053] (-) TimerEvent: {}
[1.509502] (-) TimerEvent: {}
[1.609948] (-) TimerEvent: {}
[1.673923] (ros2_exercises) Command: {'cmd': ['/usr/bin/python3', '-W', 'ignore:setup.py install is deprecated', 'setup.py', 'develop', '--editable', '--build-directory', '/home/tyamada/exercises_ws/build/ros2_exercises/build', '--no-deps', 'symlink_data'], 'cwd': '/home/tyamada/exercises_ws/build/ros2_exercises', 'env': {'VNCDESKTOP': 'f603fee22d16:1 (tyamada)', 'QT_SCALE_FACTOR': '1', 'USER': 'tyamada', 'SUPERVISOR_GROUP_NAME': 'vnc', 'HOSTNAME': 'f603fee22d16', 'XDG_SESSION_TYPE': 'x11', '__GLX_VENDOR_LIBRARY_NAME': 'nvidia', 'SHLVL': '2', 'LD_LIBRARY_PATH': '/opt/ros/humble/opt/rviz_ogre_vendor/lib:/opt/ros/humble/lib/x86_64-linux-gnu:/opt/ros/humble/lib', 'HOME': '/home/tyamada', 'OLDPWD': '/home/tyamada', 'GIO_LAUNCHED_DESKTOP_FILE': '/home/tyamada/Desktop/terminator.desktop', 'ROS_PYTHON_VERSION': '3', 'LC_CTYPE': 'C.UTF-8', 'DBUS_SESSION_BUS_ADDRESS': 'unix:abstract=/tmp/dbus-NA95zF29Rw,guid=b29e0f09e4c07e054250e47667405f7f', 'COLORTERM': 'truecolor', 'TERMINATOR_DBUS_NAME': 'net.tenshu.Terminator23558193cd9818af7fe4d2c2f5bd9d00f', 'GIO_LAUNCHED_DESKTOP_FILE_PID': '2163', 'GNOME_KEYRING_CONTROL': '/home/tyamada/.cache/keyring-O2N3X2', 'COLCON_PREFIX_PATH': '/home/tyamada/ros2_ws/install', 'ROS_DISTRO': 'humble', '_': '/usr/bin/colcon', 'ROS_VERSION': '2', 'NVIDIA_DRIVER_CAPABILITIES': 'all', 'XDG_SESSION_CLASS': 'user', 'TERM': 'xterm-256color', 'GTK_OVERLAY_SCROLLING': '0', 'ROS_LOCALHOST_ONLY': '0', 'INSIDE_CAJA_PYTHON': '', 'PATH': '/opt/ros/humble/bin:/usr/local/sbin:/usr/local/bin:/usr/sbin:/usr/bin:/sbin:/bin', 'SESSION_MANAGER': 'local/f603fee22d16:@/tmp/.ICE-unix/818,unix/f603fee22d16:/tmp/.ICE-unix/818', 'DISPLAY': ':1', 'TERMINATOR_DBUS_PATH': '/net/tenshu/Terminator2', 'EXERCISES_WS': '/home/tyamada/exercises_ws', 'XDG_CURRENT_DESKTOP': 'MATE', 'SUPERVISOR_ENABLED': '1', 'SSH_AUTH_SOCK': '/home/tyamada/.cache/keyring-O2N3X2/ssh', 'ROS_DOMAIN_ID': '42', 'AMENT_PREFIX_PATH': '/home/tyamada/ros2_ws/install/andino_gz:/opt/ros/humble', 'DEBIAN_FRONTEND': 'noninteractive', 'TERMINATOR_UUID': 'urn:uuid:08d27460-d273-4c34-b6fe-b07d8a177451', 'VNC_PASSWORD': '', 'IGN_GAZEBO_RESOURCE_PATH': '/home/tyamada/ros2_ws/install/andino_gz/share/andino_gz/models', 'PASSWD': 'ubuntu', 'SUPERVISOR_SERVER_URL': 'unix:///var/run/supervisor.sock', 'SUPERVISOR_PROCESS_NAME': 'vnc', 'PWD': '/home/tyamada/exercises_ws/build/ros2_exercises', 'PASSWORD': '', 'PYTHONPATH': '/home/tyamada/exercises_ws/build/ros2_exercises/prefix_override:/usr/lib/python3/dist-packages/colcon_core/task/python/colcon_distutils_commands:/home/tyamada/exercises_ws/install/ros2_exercises/lib/python3.10/site-packages:/home/tyamada/ros2_ws/install/andino_gz/local/lib/python3.10/dist-packages:/opt/ros/humble/lib/python3.10/site-packages:/opt/ros/humble/local/lib/python3.10/dist-packages', 'NVIDIA_VISIBLE_DEVICES': 'all', 'MATE_DESKTOP_SESSION_ID': 'this-is-deprecated', 'COLCON': '1', 'VTE_VERSION': '6800', 'CMAKE_PREFIX_PATH': '/home/tyamada/ros2_ws/install/andino_gz', 'ROS2_WS': '/home/tyamada/ros2_ws', 'QT_FONT_DPI': '96'}, 'shell': False}
[1.710309] (-) TimerEvent: {}
[1.810794] (-) TimerEvent: {}
[1.911391] (-) TimerEvent: {}
[2.011942] (-) TimerEvent: {}
[2.112515] (-) TimerEvent: {}
[2.213014] (-) TimerEvent: {}
[2.313488] (-) TimerEvent: {}
[2.413988] (-) TimerEvent: {}
[2.484268] (ros2_exercises) StdoutLine: {'line': b'running develop\n'}
[2.485188] (ros2_exercises) StderrLine: {'line': b'/usr/lib/python3/dist-packages/setuptools/command/easy_install.py:158: EasyInstallDeprecationWarning: easy_install command is deprecated. Use build and pip and other standards-based tools.\n'}
[2.485425] (ros2_exercises) StderrLine: {'line': b'  warnings.warn(\n'}
[2.514137] (-) TimerEvent: {}
[2.614579] (-) TimerEvent: {}
[2.715118] (-) TimerEvent: {}
[2.815609] (-) TimerEvent: {}
[2.916115] (-) TimerEvent: {}
[3.016623] (-) TimerEvent: {}
[3.042025] (ros2_exercises) StdoutLine: {'line': b'running egg_info\n'}
[3.042482] (ros2_exercises) StdoutLine: {'line': b'writing ros2_exercises.egg-info/PKG-INFO\n'}
[3.043141] (ros2_exercises) StdoutLine: {'line': b'writing dependency_links to ros2_exercises.egg-info/dependency_links.txt\n'}
[3.043348] (ros2_exercises) StdoutLine: {'line': b'writing entry points to ros2_exercises.egg-info/entry_points.txt\n'}
[3.043528] (ros2_exercises) StdoutLine: {'line': b'writing requirements to ros2_exercises.egg-info/requires.txt\n'}
[3.043634] (ros2_exercises) StdoutLine: {'line': b'writing top-level names to ros2_exercises.egg-info/top_level.txt\n'}
[3.047840] (ros2_exercises) StdoutLine: {'line': b"reading manifest file 'ros2_exercises.egg-info/SOURCES.txt'\n"}
[3.049883] (ros2_exercises) StdoutLine: {'line': b"writing manifest file 'ros2_exercises.egg-info/SOURCES.txt'\n"}
[3.052132] (ros2_exercises) StdoutLine: {'line': b'running build_ext\n'}
[3.053457] (ros2_exercises) StdoutLine: {'line': b'Creating /home/tyamada/exercises_ws/install/ros2_exercises/lib/python3.10/site-packages/ros2-exercises.egg-link (link to .)\n'}
[3.059648] (ros2_exercises) StdoutLine: {'line': b'Installing odometry_publisher script to /home/tyamada/exercises_ws/install/ros2_exercises/lib/ros2_exercises\n'}
[3.059988] (ros2_exercises) StdoutLine: {'line': b'\n'}
[3.060085] (ros2_exercises) StdoutLine: {'line': b'Installed /home/tyamada/exercises_ws/build/ros2_exercises\n'}
[3.060169] (ros2_exercises) StdoutLine: {'line': b'running symlink_data\n'}
[3.116805] (-) TimerEvent: {}
[3.143968] (ros2_exercises) CommandEnded: {'returncode': 0}
[3.179951] (ros2_exercises) JobEnded: {'identifier': 'ros2_exercises', 'rc': 0}
[3.184682] (-) EventReactorShutdown: {}
