[0.261s] DEBUG:colcon:Command line arguments: ['/usr/bin/colcon', 'build', '--symlink-install']
[0.261s] DEBUG:colcon:Parsed command line arguments: Namespace(log_base=None, log_level=None, verb_name='build', build_base='build', install_base='install', merge_install=False, symlink_install=True, test_result_base=None, continue_on_error=False, executor='parallel', parallel_workers=14, event_handlers=None, ignore_user_meta=False, metas=['./colcon.meta'], base_paths=['.'], packages_ignore=None, packages_ignore_regex=None, paths=None, packages_up_to=None, packages_up_to_regex=None, packages_above=None, packages_above_and_dependencies=None, packages_above_depth=None, packages_select_by_dep=None, packages_skip_by_dep=None, packages_skip_up_to=None, packages_select_build_failed=False, packages_skip_build_finished=False, packages_select_test_failures=False, packages_skip_test_passed=False, packages_select=None, packages_skip=None, packages_select_regex=None, packages_skip_regex=None, packages_start=None, packages_end=None, allow_overriding=[], cmake_args=None, cmake_target=None, cmake_target_skip_unavailable=False, cmake_clean_cache=False, cmake_clean_first=False, cmake_force_configure=False, ament_cmake_args=None, catkin_cmake_args=None, catkin_skip_building_tests=False, verb_parser=<colcon_defaults.argument_parser.defaults.DefaultArgumentsDecorator object at 0x7fa946e68550>, verb_extension=<colcon_core.verb.build.BuildVerb object at 0x7fa946fd9e40>, main=<bound method BuildVerb.main of <colcon_core.verb.build.BuildVerb object at 0x7fa946fd9e40>>)
[0.661s] Level 1:colcon.colcon_core.package_discovery:discover_packages(colcon_meta) check parameters
[0.662s] Level 1:colcon.colcon_core.package_discovery:discover_packages(recursive) check parameters
[0.662s] Level 1:colcon.colcon_core.package_discovery:discover_packages(ignore) check parameters
[0.662s] Level 1:colcon.colcon_core.package_discovery:discover_packages(path) check parameters
[0.662s] Level 1:colcon.colcon_core.package_discovery:discover_packages(colcon_meta) discover
[0.662s] Level 1:colcon.colcon_core.package_discovery:discover_packages(recursive) discover
[0.662s] INFO:colcon.colcon_core.package_discovery:Crawling recursively for packages in '/home/tyamada/exercises_ws'
[0.662s] Level 1:colcon.colcon_core.package_identification:_identify(.) by extensions ['ignore', 'ignore_ament_install']
[0.662s] Level 1:colcon.colcon_core.package_identification:_identify(.) by extension 'ignore'
[0.662s] Level 1:colcon.colcon_core.package_identification:_identify(.) by extension 'ignore_ament_install'
[0.662s] Level 1:colcon.colcon_core.package_identification:_identify(.) by extensions ['colcon_pkg']
[0.662s] Level 1:colcon.colcon_core.package_identification:_identify(.) by extension 'colcon_pkg'
[0.662s] Level 1:colcon.colcon_core.package_identification:_identify(.) by extensions ['colcon_meta']
[0.663s] Level 1:colcon.colcon_core.package_identification:_identify(.) by extension 'colcon_meta'
[0.663s] Level 1:colcon.colcon_core.package_identification:_identify(.) by extensions ['ros']
[0.663s] Level 1:colcon.colcon_core.package_identification:_identify(.) by extension 'ros'
[0.689s] Level 1:colcon.colcon_core.package_identification:_identify(.) by extensions ['cmake', 'python']
[0.689s] Level 1:colcon.colcon_core.package_identification:_identify(.) by extension 'cmake'
[0.689s] Level 1:colcon.colcon_core.package_identification:_identify(.) by extension 'python'
[0.689s] Level 1:colcon.colcon_core.package_identification:_identify(.) by extensions ['python_setup_py']
[0.689s] Level 1:colcon.colcon_core.package_identification:_identify(.) by extension 'python_setup_py'
[0.690s] Level 1:colcon.colcon_core.package_identification:_identify(build) by extensions ['ignore', 'ignore_ament_install']
[0.690s] Level 1:colcon.colcon_core.package_identification:_identify(build) by extension 'ignore'
[0.690s] Level 1:colcon.colcon_core.package_identification:_identify(build) ignored
[0.690s] Level 1:colcon.colcon_core.package_identification:_identify(install) by extensions ['ignore', 'ignore_ament_install']
[0.690s] Level 1:colcon.colcon_core.package_identification:_identify(install) by extension 'ignore'
[0.690s] Level 1:colcon.colcon_core.package_identification:_identify(install) ignored
[0.691s] Level 1:colcon.colcon_core.package_identification:_identify(log) by extensions ['ignore', 'ignore_ament_install']
[0.691s] Level 1:colcon.colcon_core.package_identification:_identify(log) by extension 'ignore'
[0.691s] Level 1:colcon.colcon_core.package_identification:_identify(log) ignored
[0.691s] Level 1:colcon.colcon_core.package_identification:_identify(src) by extensions ['ignore', 'ignore_ament_install']
[0.691s] Level 1:colcon.colcon_core.package_identification:_identify(src) by extension 'ignore'
[0.691s] Level 1:colcon.colcon_core.package_identification:_identify(src) by extension 'ignore_ament_install'
[0.691s] Level 1:colcon.colcon_core.package_identification:_identify(src) by extensions ['colcon_pkg']
[0.691s] Level 1:colcon.colcon_core.package_identification:_identify(src) by extension 'colcon_pkg'
[0.692s] Level 1:colcon.colcon_core.package_identification:_identify(src) by extensions ['colcon_meta']
[0.692s] Level 1:colcon.colcon_core.package_identification:_identify(src) by extension 'colcon_meta'
[0.692s] Level 1:colcon.colcon_core.package_identification:_identify(src) by extensions ['ros']
[0.692s] Level 1:colcon.colcon_core.package_identification:_identify(src) by extension 'ros'
[0.692s] Level 1:colcon.colcon_core.package_identification:_identify(src) by extensions ['cmake', 'python']
[0.692s] Level 1:colcon.colcon_core.package_identification:_identify(src) by extension 'cmake'
[0.692s] Level 1:colcon.colcon_core.package_identification:_identify(src) by extension 'python'
[0.692s] Level 1:colcon.colcon_core.package_identification:_identify(src) by extensions ['python_setup_py']
[0.692s] Level 1:colcon.colcon_core.package_identification:_identify(src) by extension 'python_setup_py'
[0.692s] Level 1:colcon.colcon_core.package_identification:_identify(src/ros2_exercises) by extensions ['ignore', 'ignore_ament_install']
[0.692s] Level 1:colcon.colcon_core.package_identification:_identify(src/ros2_exercises) by extension 'ignore'
[0.693s] Level 1:colcon.colcon_core.package_identification:_identify(src/ros2_exercises) by extension 'ignore_ament_install'
[0.693s] Level 1:colcon.colcon_core.package_identification:_identify(src/ros2_exercises) by extensions ['colcon_pkg']
[0.693s] Level 1:colcon.colcon_core.package_identification:_identify(src/ros2_exercises) by extension 'colcon_pkg'
[0.693s] Level 1:colcon.colcon_core.package_identification:_identify(src/ros2_exercises) by extensions ['colcon_meta']
[0.693s] Level 1:colcon.colcon_core.package_identification:_identify(src/ros2_exercises) by extension 'colcon_meta'
[0.693s] Level 1:colcon.colcon_core.package_identification:_identify(src/ros2_exercises) by extensions ['ros']
[0.693s] Level 1:colcon.colcon_core.package_identification:_identify(src/ros2_exercises) by extension 'ros'
[0.698s] DEBUG:colcon.colcon_core.package_identification:Package 'src/ros2_exercises' with type 'ros.ament_python' and name 'ros2_exercises'
[0.698s] Level 1:colcon.colcon_core.package_discovery:discover_packages(recursive) using defaults
[0.698s] Level 1:colcon.colcon_core.package_discovery:discover_packages(ignore) discover
[0.698s] Level 1:colcon.colcon_core.package_discovery:discover_packages(ignore) using defaults
[0.698s] Level 1:colcon.colcon_core.package_discovery:discover_packages(path) discover
[0.698s] Level 1:colcon.colcon_core.package_discovery:discover_packages(path) using defaults
[0.758s] Level 1:colcon.colcon_core.package_discovery:discover_packages(prefix_path) check parameters
[0.758s] Level 1:colcon.colcon_core.package_discovery:discover_packages(prefix_path) discover
[0.763s] DEBUG:colcon.colcon_installed_package_information.package_discovery:Found 1 installed packages in /home/tyamada/ros2_ws/install
[0.767s] DEBUG:colcon.colcon_installed_package_information.package_discovery:Found 327 installed packages in /opt/ros/humble
[0.804s] Level 1:colcon.colcon_core.package_discovery:discover_packages(prefix_path) using defaults
[0.912s] Level 5:colcon.colcon_core.verb:set package 'ros2_exercises' build argument 'cmake_args' from command line to 'None'
[0.913s] Level 5:colcon.colcon_core.verb:set package 'ros2_exercises' build argument 'cmake_target' from command line to 'None'
[0.913s] Level 5:colcon.colcon_core.verb:set package 'ros2_exercises' build argument 'cmake_target_skip_unavailable' from command line to 'False'
[0.913s] Level 5:colcon.colcon_core.verb:set package 'ros2_exercises' build argument 'cmake_clean_cache' from command line to 'False'
[0.913s] Level 5:colcon.colcon_core.verb:set package 'ros2_exercises' build argument 'cmake_clean_first' from command line to 'False'
[0.913s] Level 5:colcon.colcon_core.verb:set package 'ros2_exercises' build argument 'cmake_force_configure' from command line to 'False'
[0.913s] Level 5:colcon.colcon_core.verb:set package 'ros2_exercises' build argument 'ament_cmake_args' from command line to 'None'
[0.913s] Level 5:colcon.colcon_core.verb:set package 'ros2_exercises' build argument 'catkin_cmake_args' from command line to 'None'
[0.913s] Level 5:colcon.colcon_core.verb:set package 'ros2_exercises' build argument 'catkin_skip_building_tests' from command line to 'False'
[0.913s] DEBUG:colcon.colcon_core.verb:Building package 'ros2_exercises' with the following arguments: {'ament_cmake_args': None, 'build_base': '/home/tyamada/exercises_ws/build/ros2_exercises', 'catkin_cmake_args': None, 'catkin_skip_building_tests': False, 'cmake_args': None, 'cmake_clean_cache': False, 'cmake_clean_first': False, 'cmake_force_configure': False, 'cmake_target': None, 'cmake_target_skip_unavailable': False, 'install_base': '/home/tyamada/exercises_ws/install/ros2_exercises', 'merge_install': False, 'path': '/home/tyamada/exercises_ws/src/ros2_exercises', 'symlink_install': True, 'test_result_base': None}
[0.913s] INFO:colcon.colcon_core.executor:Executing jobs using 'parallel' executor
[0.915s] DEBUG:colcon.colcon_parallel_executor.executor.parallel:run_until_complete
[0.917s] INFO:colcon.colcon_ros.task.ament_python.build:Building ROS package in '/home/tyamada/exercises_ws/src/ros2_exercises' with build type 'ament_python'
[0.918s] Level 1:colcon.colcon_core.shell:create_environment_hook('ros2_exercises', 'ament_prefix_path')
[0.921s] INFO:colcon.colcon_core.plugin_system:Skipping extension 'colcon_core.shell.bat': Not used on non-Windows systems
[0.922s] INFO:colcon.colcon_core.shell:Creating environment hook '/home/tyamada/exercises_ws/install/ros2_exercises/share/ros2_exercises/hook/ament_prefix_path.ps1'
[0.923s] INFO:colcon.colcon_core.shell:Creating environment descriptor '/home/tyamada/exercises_ws/install/ros2_exercises/share/ros2_exercises/hook/ament_prefix_path.dsv'
[0.924s] INFO:colcon.colcon_core.shell:Creating environment hook '/home/tyamada/exercises_ws/install/ros2_exercises/share/ros2_exercises/hook/ament_prefix_path.sh'
[0.925s] INFO:colcon.colcon_core.shell:Skip shell extension 'powershell' for command environment: Not usable outside of PowerShell
[0.925s] DEBUG:colcon.colcon_core.shell:Skip shell extension 'dsv' for command environment
[1.810s] INFO:colcon.colcon_core.task.python.build:Building Python package in '/home/tyamada/exercises_ws/src/ros2_exercises'
[1.811s] INFO:colcon.colcon_core.shell:Skip shell extension 'powershell' for command environment: Not usable outside of PowerShell
[1.811s] DEBUG:colcon.colcon_core.shell:Skip shell extension 'dsv' for command environment
[2.593s] DEBUG:colcon.colcon_core.event_handler.log_command:Invoking command in '/home/tyamada/exercises_ws/build/ros2_exercises': PYTHONPATH=/home/tyamada/exercises_ws/build/ros2_exercises/prefix_override:/usr/lib/python3/dist-packages/colcon_core/task/python/colcon_distutils_commands:/home/tyamada/exercises_ws/install/ros2_exercises/lib/python3.10/site-packages:${PYTHONPATH} /usr/bin/python3 -W ignore:setup.py install is deprecated setup.py develop --editable --build-directory /home/tyamada/exercises_ws/build/ros2_exercises/build --no-deps symlink_data
[4.059s] Level 1:colcon.colcon_core.shell:create_environment_hook('ros2_exercises', 'pythonpath_develop')
[4.060s] INFO:colcon.colcon_core.shell:Creating environment hook '/home/tyamada/exercises_ws/build/ros2_exercises/share/ros2_exercises/hook/pythonpath_develop.ps1'
[4.060s] DEBUG:colcon.colcon_core.event_handler.log_command:Invoked command in '/home/tyamada/exercises_ws/build/ros2_exercises' returned '0': PYTHONPATH=/home/tyamada/exercises_ws/build/ros2_exercises/prefix_override:/usr/lib/python3/dist-packages/colcon_core/task/python/colcon_distutils_commands:/home/tyamada/exercises_ws/install/ros2_exercises/lib/python3.10/site-packages:${PYTHONPATH} /usr/bin/python3 -W ignore:setup.py install is deprecated setup.py develop --editable --build-directory /home/tyamada/exercises_ws/build/ros2_exercises/build --no-deps symlink_data
[4.061s] INFO:colcon.colcon_core.shell:Creating environment descriptor '/home/tyamada/exercises_ws/build/ros2_exercises/share/ros2_exercises/hook/pythonpath_develop.dsv'
[4.062s] INFO:colcon.colcon_core.shell:Creating environment hook '/home/tyamada/exercises_ws/build/ros2_exercises/share/ros2_exercises/hook/pythonpath_develop.sh'
[4.075s] Level 1:colcon.colcon_core.environment:checking '/home/tyamada/exercises_ws/install/ros2_exercises' for CMake module files
[4.077s] Level 1:colcon.colcon_core.environment:checking '/home/tyamada/exercises_ws/install/ros2_exercises' for CMake config files
[4.078s] Level 1:colcon.colcon_core.environment:checking '/home/tyamada/exercises_ws/install/ros2_exercises/lib'
[4.079s] Level 1:colcon.colcon_core.environment:checking '/home/tyamada/exercises_ws/install/ros2_exercises/bin'
[4.079s] Level 1:colcon.colcon_core.environment:checking '/home/tyamada/exercises_ws/install/ros2_exercises/lib/pkgconfig/ros2_exercises.pc'
[4.079s] Level 1:colcon.colcon_core.environment:checking '/home/tyamada/exercises_ws/install/ros2_exercises/lib/python3.10/site-packages'
[4.079s] Level 1:colcon.colcon_core.shell:create_environment_hook('ros2_exercises', 'pythonpath')
[4.080s] INFO:colcon.colcon_core.shell:Creating environment hook '/home/tyamada/exercises_ws/install/ros2_exercises/share/ros2_exercises/hook/pythonpath.ps1'
[4.081s] INFO:colcon.colcon_core.shell:Creating environment descriptor '/home/tyamada/exercises_ws/install/ros2_exercises/share/ros2_exercises/hook/pythonpath.dsv'
[4.082s] INFO:colcon.colcon_core.shell:Creating environment hook '/home/tyamada/exercises_ws/install/ros2_exercises/share/ros2_exercises/hook/pythonpath.sh'
[4.082s] Level 1:colcon.colcon_core.environment:checking '/home/tyamada/exercises_ws/install/ros2_exercises/bin'
[4.083s] Level 1:colcon.colcon_core.environment:create_environment_scripts_only(ros2_exercises)
[4.083s] INFO:colcon.colcon_core.shell:Creating package script '/home/tyamada/exercises_ws/install/ros2_exercises/share/ros2_exercises/package.ps1'
[4.085s] INFO:colcon.colcon_core.shell:Creating package descriptor '/home/tyamada/exercises_ws/install/ros2_exercises/share/ros2_exercises/package.dsv'
[4.087s] INFO:colcon.colcon_core.shell:Creating package script '/home/tyamada/exercises_ws/install/ros2_exercises/share/ros2_exercises/package.sh'
[4.089s] INFO:colcon.colcon_core.shell:Creating package script '/home/tyamada/exercises_ws/install/ros2_exercises/share/ros2_exercises/package.bash'
[4.092s] INFO:colcon.colcon_core.shell:Creating package script '/home/tyamada/exercises_ws/install/ros2_exercises/share/ros2_exercises/package.zsh'
[4.093s] Level 1:colcon.colcon_core.environment:create_file_with_runtime_dependencies(/home/tyamada/exercises_ws/install/ros2_exercises/share/colcon-core/packages/ros2_exercises)
[4.095s] DEBUG:colcon.colcon_parallel_executor.executor.parallel:closing loop
[4.099s] DEBUG:colcon.colcon_parallel_executor.executor.parallel:loop closed
[4.099s] DEBUG:colcon.colcon_parallel_executor.executor.parallel:run_until_complete finished with '0'
[4.100s] DEBUG:colcon.colcon_core.event_reactor:joining thread
[4.113s] INFO:colcon.colcon_core.plugin_system:Skipping extension 'colcon_notification.desktop_notification.terminal_notifier': Not used on non-Darwin systems
[4.114s] INFO:colcon.colcon_core.plugin_system:Skipping extension 'colcon_notification.desktop_notification.win32': Not used on non-Windows systems
[4.114s] INFO:colcon.colcon_notification.desktop_notification:Sending desktop notification using 'notify2'
[4.718s] DEBUG:colcon.colcon_core.event_reactor:joined thread
[4.718s] INFO:colcon.colcon_core.shell:Creating prefix script '/home/tyamada/exercises_ws/install/local_setup.ps1'
[4.720s] INFO:colcon.colcon_core.shell:Creating prefix util module '/home/tyamada/exercises_ws/install/_local_setup_util_ps1.py'
[4.724s] INFO:colcon.colcon_core.shell:Creating prefix chain script '/home/tyamada/exercises_ws/install/setup.ps1'
[4.726s] INFO:colcon.colcon_core.shell:Creating prefix script '/home/tyamada/exercises_ws/install/local_setup.sh'
[4.728s] INFO:colcon.colcon_core.shell:Creating prefix util module '/home/tyamada/exercises_ws/install/_local_setup_util_sh.py'
[4.729s] INFO:colcon.colcon_core.shell:Creating prefix chain script '/home/tyamada/exercises_ws/install/setup.sh'
[4.731s] INFO:colcon.colcon_core.shell:Creating prefix script '/home/tyamada/exercises_ws/install/local_setup.bash'
[4.732s] INFO:colcon.colcon_core.shell:Creating prefix chain script '/home/tyamada/exercises_ws/install/setup.bash'
[4.736s] INFO:colcon.colcon_core.shell:Creating prefix script '/home/tyamada/exercises_ws/install/local_setup.zsh'
[4.737s] INFO:colcon.colcon_core.shell:Creating prefix chain script '/home/tyamada/exercises_ws/install/setup.zsh'
